{"/home/travis/build/npmtest/node-npmtest-htmlparser2/test.js":{"path":"/home/travis/build/npmtest/node-npmtest-htmlparser2/test.js","s":{"1":2,"2":2,"3":2,"4":2,"5":2,"6":2,"7":2,"8":1,"9":2,"10":2,"11":1,"12":1,"13":1,"14":1,"15":2,"16":2,"17":2,"18":2,"19":1,"20":1,"21":2,"22":2,"23":2,"24":1,"25":1,"26":1,"27":1,"28":1,"29":1,"30":1,"31":1,"32":1,"33":1,"34":1,"35":1,"36":1,"37":2,"38":2,"39":1,"40":2,"41":2,"42":1,"43":2,"44":2,"45":1,"46":2,"47":2,"48":1,"49":1,"50":1,"51":1,"52":1},"b":{"1":[2,1,1,1],"2":[1,1,1,1],"3":[1,1],"4":[1,1],"5":[1,1],"6":[1,1],"7":[1,1],"8":[1,1],"9":[1,1,1],"10":[1,1],"11":[1,1],"12":[1,1],"13":[1,1],"14":[1,1],"15":[1,1],"16":[1,1]},"f":{"1":2,"2":2,"3":2,"4":2,"5":2,"6":1,"7":1,"8":2,"9":2,"10":2,"11":2,"12":1},"fnMap":{"1":{"name":"(anonymous_1)","line":12,"loc":{"start":{"line":12,"column":1},"end":{"line":12,"column":13}}},"2":{"name":"(anonymous_2)","line":19,"loc":{"start":{"line":19,"column":5},"end":{"line":19,"column":17}}},"3":{"name":"(anonymous_3)","line":23,"loc":{"start":{"line":23,"column":24},"end":{"line":23,"column":36}}},"4":{"name":"(anonymous_4)","line":61,"loc":{"start":{"line":61,"column":5},"end":{"line":61,"column":17}}},"5":{"name":"(anonymous_5)","line":82,"loc":{"start":{"line":82,"column":5},"end":{"line":82,"column":17}}},"6":{"name":"(anonymous_6)","line":102,"loc":{"start":{"line":102,"column":83},"end":{"line":105,"column":10}},"skip":true},"7":{"name":"(anonymous_7)","line":113,"loc":{"start":{"line":113,"column":77},"end":{"line":116,"column":10}},"skip":true},"8":{"name":"(anonymous_8)","line":129,"loc":{"start":{"line":129,"column":12},"end":{"line":129,"column":40}},"skip":true},"9":{"name":"(anonymous_9)","line":137,"loc":{"start":{"line":137,"column":77},"end":{"line":140,"column":10}},"skip":true},"10":{"name":"(anonymous_10)","line":148,"loc":{"start":{"line":148,"column":83},"end":{"line":151,"column":10}},"skip":true},"11":{"name":"(anonymous_11)","line":159,"loc":{"start":{"line":159,"column":79},"end":{"line":162,"column":10}},"skip":true},"12":{"name":"(anonymous_12)","line":170,"loc":{"start":{"line":170,"column":75},"end":{"line":173,"column":10}},"skip":true}},"statementMap":{"1":{"start":{"line":12,"column":0},"end":{"line":185,"column":5}},"2":{"start":{"line":14,"column":4},"end":{"line":14,"column":14}},"3":{"start":{"line":19,"column":4},"end":{"line":56,"column":9}},"4":{"start":{"line":21,"column":8},"end":{"line":21,"column":19}},"5":{"start":{"line":23,"column":8},"end":{"line":35,"column":13}},"6":{"start":{"line":24,"column":12},"end":{"line":34,"column":13}},"7":{"start":{"line":25,"column":16},"end":{"line":28,"column":30}},"8":{"start":{"line":30,"column":16},"end":{"line":33,"column":27}},"9":{"start":{"line":37,"column":8},"end":{"line":39,"column":21}},"10":{"start":{"line":40,"column":8},"end":{"line":53,"column":9}},"11":{"start":{"line":43,"column":12},"end":{"line":46,"column":14}},"12":{"start":{"line":47,"column":12},"end":{"line":47,"column":18}},"13":{"start":{"line":50,"column":12},"end":{"line":51,"column":46}},"14":{"start":{"line":52,"column":12},"end":{"line":52,"column":18}},"15":{"start":{"line":55,"column":8},"end":{"line":55,"column":35}},"16":{"start":{"line":61,"column":4},"end":{"line":63,"column":9}},"17":{"start":{"line":62,"column":8},"end":{"line":62,"column":15}},"18":{"start":{"line":64,"column":4},"end":{"line":77,"column":5}},"19":{"start":{"line":70,"column":8},"end":{"line":70,"column":14}},"20":{"start":{"line":76,"column":8},"end":{"line":76,"column":14}},"21":{"start":{"line":82,"column":4},"end":{"line":84,"column":9}},"22":{"start":{"line":83,"column":8},"end":{"line":83,"column":15}},"23":{"start":{"line":85,"column":4},"end":{"line":184,"column":5}},"24":{"start":{"line":92,"column":8},"end":{"line":94,"column":63}},"25":{"start":{"line":95,"column":8},"end":{"line":95,"column":14}},"26":{"start":{"line":102,"column":8},"end":{"line":111,"column":10},"skip":true},"27":{"start":{"line":109,"column":12},"end":{"line":109,"column":55},"skip":true},"28":{"start":{"line":110,"column":12},"end":{"line":110,"column":48},"skip":true},"29":{"start":{"line":113,"column":8},"end":{"line":126,"column":10},"skip":true},"30":{"start":{"line":120,"column":12},"end":{"line":120,"column":76},"skip":true},"31":{"start":{"line":121,"column":12},"end":{"line":121,"column":73},"skip":true},"32":{"start":{"line":122,"column":12},"end":{"line":122,"column":74},"skip":true},"33":{"start":{"line":123,"column":12},"end":{"line":123,"column":79},"skip":true},"34":{"start":{"line":124,"column":12},"end":{"line":124,"column":25},"skip":true},"35":{"start":{"line":125,"column":12},"end":{"line":125,"column":45},"skip":true},"36":{"start":{"line":128,"column":8},"end":{"line":135,"column":14},"skip":true},"37":{"start":{"line":133,"column":16},"end":{"line":133,"column":29},"skip":true},"38":{"start":{"line":134,"column":16},"end":{"line":134,"column":55},"skip":true},"39":{"start":{"line":137,"column":8},"end":{"line":146,"column":10},"skip":true},"40":{"start":{"line":144,"column":12},"end":{"line":144,"column":25},"skip":true},"41":{"start":{"line":145,"column":12},"end":{"line":145,"column":45},"skip":true},"42":{"start":{"line":148,"column":8},"end":{"line":157,"column":10},"skip":true},"43":{"start":{"line":155,"column":12},"end":{"line":155,"column":25},"skip":true},"44":{"start":{"line":156,"column":12},"end":{"line":156,"column":48},"skip":true},"45":{"start":{"line":159,"column":8},"end":{"line":168,"column":10},"skip":true},"46":{"start":{"line":166,"column":12},"end":{"line":166,"column":25},"skip":true},"47":{"start":{"line":167,"column":12},"end":{"line":167,"column":46},"skip":true},"48":{"start":{"line":170,"column":8},"end":{"line":179,"column":10},"skip":true},"49":{"start":{"line":177,"column":12},"end":{"line":177,"column":94},"skip":true},"50":{"start":{"line":178,"column":12},"end":{"line":178,"column":48},"skip":true},"51":{"start":{"line":182,"column":8},"end":{"line":182,"column":35},"skip":true},"52":{"start":{"line":183,"column":8},"end":{"line":183,"column":14},"skip":true}},"branchMap":{"1":{"line":25,"type":"binary-expr","locations":[{"start":{"line":25,"column":23},"end":{"line":25,"column":62}},{"start":{"line":26,"column":20},"end":{"line":26,"column":70}},{"start":{"line":27,"column":20},"end":{"line":27,"column":71}},{"start":{"line":28,"column":20},"end":{"line":28,"column":29}}]},"2":{"line":30,"type":"binary-expr","locations":[{"start":{"line":30,"column":23},"end":{"line":30,"column":37}},{"start":{"line":31,"column":20},"end":{"line":31,"column":61}},{"start":{"line":32,"column":20},"end":{"line":32,"column":70}},{"start":{"line":33,"column":20},"end":{"line":33,"column":26}}]},"3":{"line":37,"type":"cond-expr","locations":[{"start":{"line":38,"column":14},"end":{"line":38,"column":20}},{"start":{"line":39,"column":14},"end":{"line":39,"column":20}}]},"4":{"line":40,"type":"switch","locations":[{"start":{"line":42,"column":8},"end":{"line":47,"column":18}},{"start":{"line":49,"column":8},"end":{"line":52,"column":18}}]},"5":{"line":44,"type":"binary-expr","locations":[{"start":{"line":44,"column":16},"end":{"line":44,"column":44}},{"start":{"line":44,"column":48},"end":{"line":44,"column":66}}]},"6":{"line":50,"type":"binary-expr","locations":[{"start":{"line":50,"column":21},"end":{"line":50,"column":49}},{"start":{"line":50,"column":53},"end":{"line":50,"column":72}}]},"7":{"line":64,"type":"switch","locations":[{"start":{"line":69,"column":4},"end":{"line":70,"column":14}},{"start":{"line":75,"column":4},"end":{"line":76,"column":14}}]},"8":{"line":85,"type":"switch","locations":[{"start":{"line":90,"column":4},"end":{"line":95,"column":14}},{"start":{"line":101,"column":4},"end":{"line":183,"column":14},"skip":true}]},"9":{"line":92,"type":"binary-expr","locations":[{"start":{"line":92,"column":18},"end":{"line":92,"column":32}},{"start":{"line":93,"column":12},"end":{"line":93,"column":53}},{"start":{"line":94,"column":12},"end":{"line":94,"column":61}}]},"10":{"line":102,"type":"binary-expr","locations":[{"start":{"line":102,"column":45},"end":{"line":102,"column":79},"skip":true},{"start":{"line":102,"column":83},"end":{"line":111,"column":9},"skip":true}]},"11":{"line":113,"type":"binary-expr","locations":[{"start":{"line":113,"column":42},"end":{"line":113,"column":73},"skip":true},{"start":{"line":113,"column":77},"end":{"line":126,"column":9},"skip":true}]},"12":{"line":128,"type":"binary-expr","locations":[{"start":{"line":128,"column":48},"end":{"line":128,"column":85},"skip":true},{"start":{"line":129,"column":12},"end":{"line":135,"column":13},"skip":true}]},"13":{"line":137,"type":"binary-expr","locations":[{"start":{"line":137,"column":42},"end":{"line":137,"column":73},"skip":true},{"start":{"line":137,"column":77},"end":{"line":146,"column":9},"skip":true}]},"14":{"line":148,"type":"binary-expr","locations":[{"start":{"line":148,"column":45},"end":{"line":148,"column":79},"skip":true},{"start":{"line":148,"column":83},"end":{"line":157,"column":9},"skip":true}]},"15":{"line":159,"type":"binary-expr","locations":[{"start":{"line":159,"column":43},"end":{"line":159,"column":75},"skip":true},{"start":{"line":159,"column":79},"end":{"line":168,"column":9},"skip":true}]},"16":{"line":170,"type":"binary-expr","locations":[{"start":{"line":170,"column":41},"end":{"line":170,"column":71},"skip":true},{"start":{"line":170,"column":75},"end":{"line":179,"column":9},"skip":true}]}},"code":["/* istanbul instrument in package npmtest_htmlparser2 */","/*jslint","    bitwise: true,","    browser: true,","    maxerr: 8,","    maxlen: 96,","    node: true,","    nomen: true,","    regexp: true,","    stupid: true","*/","(function () {","    'use strict';","    var local;","","","","    // run shared js-env code - pre-init","    (function () {","        // init local","        local = {};","        // init modeJs","        local.modeJs = (function () {","            try {","                return typeof navigator.userAgent === 'string' &&","                    typeof document.querySelector('body') === 'object' &&","                    typeof XMLHttpRequest.prototype.open === 'function' &&","                    'browser';","            } catch (errorCaughtBrowser) {","                return module.exports &&","                    typeof process.versions.node === 'string' &&","                    typeof require('http').createServer === 'function' &&","                    'node';","            }","        }());","        // init global","        local.global = local.modeJs === 'browser'","            ? window","            : global;","        switch (local.modeJs) {","        // re-init local from window.local","        case 'browser':","            local = local.global.utility2.objectSetDefault(","                local.global.utility2_rollup || local.global.local,","                local.global.utility2","            );","            break;","        // re-init local from example.js","        case 'node':","            local = (local.global.utility2_rollup || require('utility2'))","                .requireExampleJsFromReadme();","            break;","        }","        // export local","        local.global.local = local;","    }());","","","","    // run shared js-env code - function","    (function () {","        return;","    }());","    switch (local.modeJs) {","","","","    // run browser js-env code - function","    case 'browser':","        break;","","","","    // run node js-env code - function","    case 'node':","        break;","    }","","","","    // run shared js-env code - post-init","    (function () {","        return;","    }());","    switch (local.modeJs) {","","","","    // run browser js-env code - post-init","    case 'browser':","        // run tests","        local.nop(local.modeTest &&","            document.querySelector('#testRunButton1') &&","            document.querySelector('#testRunButton1').click());","        break;","","","","    // run node js-env code - post-init","    /* istanbul ignore next */","    case 'node':","        local.testCase_buildApidoc_default = local.testCase_buildApidoc_default || function (","            options,","            onError","        ) {","        /*","         * this function will test buildApidoc's default handling-behavior-behavior","         */","            options = { modulePathList: module.paths };","            local.buildApidoc(options, onError);","        };","","        local.testCase_buildApp_default = local.testCase_buildApp_default || function (","            options,","            onError","        ) {","        /*","         * this function will test buildApp's default handling-behavior-behavior","         */","            local.testCase_buildReadme_default(options, local.onErrorThrow);","            local.testCase_buildLib_default(options, local.onErrorThrow);","            local.testCase_buildTest_default(options, local.onErrorThrow);","            local.testCase_buildCustomOrg_default(options, local.onErrorThrow);","            options = [];","            local.buildApp(options, onError);","        };","","        local.testCase_buildCustomOrg_default = local.testCase_buildCustomOrg_default ||","            function (options, onError) {","            /*","             * this function will test buildCustomOrg's default handling-behavior","             */","                options = {};","                local.buildCustomOrg(options, onError);","            };","","        local.testCase_buildLib_default = local.testCase_buildLib_default || function (","            options,","            onError","        ) {","        /*","         * this function will test buildLib's default handling-behavior","         */","            options = {};","            local.buildLib(options, onError);","        };","","        local.testCase_buildReadme_default = local.testCase_buildReadme_default || function (","            options,","            onError","        ) {","        /*","         * this function will test buildReadme's default handling-behavior-behavior","         */","            options = {};","            local.buildReadme(options, onError);","        };","","        local.testCase_buildTest_default = local.testCase_buildTest_default || function (","            options,","            onError","        ) {","        /*","         * this function will test buildTest's default handling-behavior","         */","            options = {};","            local.buildTest(options, onError);","        };","","        local.testCase_webpage_default = local.testCase_webpage_default || function (","            options,","            onError","        ) {","        /*","         * this function will test webpage's default handling-behavior","         */","            options = { modeCoverageMerge: true, url: local.serverLocalHost + '?modeTest=1' };","            local.browserTest(options, onError);","        };","","        // run test-server","        local.testRunServer(local);","        break;","    }","}());",""],"l":{"12":2,"14":2,"19":2,"21":2,"23":2,"24":2,"25":2,"30":1,"37":2,"40":2,"43":1,"47":1,"50":1,"52":1,"55":2,"61":2,"62":2,"64":2,"70":1,"76":1,"82":2,"83":2,"85":2,"92":1,"95":1,"102":1,"109":1,"110":1,"113":1,"120":1,"121":1,"122":1,"123":1,"124":1,"125":1,"128":1,"133":2,"134":2,"137":1,"144":2,"145":2,"148":1,"155":2,"156":2,"159":1,"166":2,"167":2,"170":1,"177":1,"178":1,"182":1,"183":1}},"/home/travis/build/npmtest/node-npmtest-htmlparser2/lib.npmtest_htmlparser2.js":{"path":"/home/travis/build/npmtest/node-npmtest-htmlparser2/lib.npmtest_htmlparser2.js","s":{"1":2,"2":2,"3":2,"4":2,"5":2,"6":2,"7":2,"8":1,"9":2,"10":2,"11":2,"12":2,"13":1,"14":1,"15":1,"16":1},"b":{"1":[2,1,1,1],"2":[1,1,1,1],"3":[1,1],"4":[2,2],"5":[1,1]},"f":{"1":2,"2":2,"3":2},"fnMap":{"1":{"name":"(anonymous_1)","line":12,"loc":{"start":{"line":12,"column":1},"end":{"line":12,"column":13}}},"2":{"name":"(anonymous_2)","line":19,"loc":{"start":{"line":19,"column":5},"end":{"line":19,"column":17}}},"3":{"name":"(anonymous_3)","line":23,"loc":{"start":{"line":23,"column":24},"end":{"line":23,"column":36}}}},"statementMap":{"1":{"start":{"line":12,"column":0},"end":{"line":53,"column":5}},"2":{"start":{"line":14,"column":4},"end":{"line":14,"column":14}},"3":{"start":{"line":19,"column":4},"end":{"line":52,"column":9}},"4":{"start":{"line":21,"column":8},"end":{"line":21,"column":19}},"5":{"start":{"line":23,"column":8},"end":{"line":35,"column":13}},"6":{"start":{"line":24,"column":12},"end":{"line":34,"column":13}},"7":{"start":{"line":25,"column":16},"end":{"line":28,"column":30}},"8":{"start":{"line":30,"column":16},"end":{"line":33,"column":27}},"9":{"start":{"line":37,"column":8},"end":{"line":39,"column":21}},"10":{"start":{"line":41,"column":8},"end":{"line":41,"column":54}},"11":{"start":{"line":43,"column":8},"end":{"line":43,"column":56}},"12":{"start":{"line":45,"column":8},"end":{"line":51,"column":9}},"13":{"start":{"line":46,"column":12},"end":{"line":46,"column":62}},"14":{"start":{"line":48,"column":12},"end":{"line":48,"column":35}},"15":{"start":{"line":49,"column":12},"end":{"line":49,"column":49}},"16":{"start":{"line":50,"column":12},"end":{"line":50,"column":43}}},"branchMap":{"1":{"line":25,"type":"binary-expr","locations":[{"start":{"line":25,"column":23},"end":{"line":25,"column":62}},{"start":{"line":26,"column":20},"end":{"line":26,"column":70}},{"start":{"line":27,"column":20},"end":{"line":27,"column":71}},{"start":{"line":28,"column":20},"end":{"line":28,"column":29}}]},"2":{"line":30,"type":"binary-expr","locations":[{"start":{"line":30,"column":23},"end":{"line":30,"column":37}},{"start":{"line":31,"column":20},"end":{"line":31,"column":61}},{"start":{"line":32,"column":20},"end":{"line":32,"column":70}},{"start":{"line":33,"column":20},"end":{"line":33,"column":26}}]},"3":{"line":37,"type":"cond-expr","locations":[{"start":{"line":38,"column":14},"end":{"line":38,"column":20}},{"start":{"line":39,"column":14},"end":{"line":39,"column":20}}]},"4":{"line":41,"type":"binary-expr","locations":[{"start":{"line":41,"column":16},"end":{"line":41,"column":44}},{"start":{"line":41,"column":48},"end":{"line":41,"column":53}}]},"5":{"line":45,"type":"if","locations":[{"start":{"line":45,"column":8},"end":{"line":45,"column":8}},{"start":{"line":45,"column":8},"end":{"line":45,"column":8}}]}},"code":["/* istanbul instrument in package npmtest_htmlparser2 */","/*jslint","    bitwise: true,","    browser: true,","    maxerr: 8,","    maxlen: 96,","    node: true,","    nomen: true,","    regexp: true,","    stupid: true","*/","(function () {","    'use strict';","    var local;","","","","    // run shared js-env code - pre-init","    (function () {","        // init local","        local = {};","        // init modeJs","        local.modeJs = (function () {","            try {","                return typeof navigator.userAgent === 'string' &&","                    typeof document.querySelector('body') === 'object' &&","                    typeof XMLHttpRequest.prototype.open === 'function' &&","                    'browser';","            } catch (errorCaughtBrowser) {","                return module.exports &&","                    typeof process.versions.node === 'string' &&","                    typeof require('http').createServer === 'function' &&","                    'node';","            }","        }());","        // init global","        local.global = local.modeJs === 'browser'","            ? window","            : global;","        // init utility2_rollup","        local = local.global.utility2_rollup || local;","        // init lib","        local.local = local.npmtest_htmlparser2 = local;","        // init exports","        if (local.modeJs === 'browser') {","            local.global.utility2_npmtest_htmlparser2 = local;","        } else {","            module.exports = local;","            module.exports.__dirname = __dirname;","            module.exports.module = module;","        }","    }());","}());",""],"l":{"12":2,"14":2,"19":2,"21":2,"23":2,"24":2,"25":2,"30":1,"37":2,"41":2,"43":2,"45":2,"46":1,"48":1,"49":1,"50":1}},"/home/travis/build/npmtest/node-npmtest-htmlparser2/example.js":{"path":"/home/travis/build/npmtest/node-npmtest-htmlparser2/example.js","s":{"1":2,"2":2,"3":2,"4":2,"5":2,"6":2,"7":2,"8":1,"9":2,"10":2,"11":2,"12":2,"13":1,"14":2,"15":2,"16":2,"17":2,"18":2,"19":0,"20":2,"21":1,"22":1,"23":1,"24":1,"25":1,"26":0,"27":0,"28":1,"29":1,"30":2,"31":0,"32":0,"33":0,"34":1,"35":2,"36":2,"37":2,"38":2,"39":2,"40":2,"41":0,"42":2,"43":2,"44":2,"45":1,"46":3,"47":1,"48":1,"49":1,"50":1,"51":1,"52":1,"53":1,"54":1,"55":1,"56":1,"57":0,"58":1,"59":6,"60":6,"61":1,"62":2,"63":0,"64":2,"65":1,"66":1,"67":0,"68":0,"69":0,"70":0,"71":0,"72":0,"73":0,"74":0,"75":0,"76":0,"77":0,"78":0,"79":0,"80":0,"81":0,"82":0,"83":0},"b":{"1":[2,1,1,1],"2":[1,1,1,1],"3":[1,1],"4":[2,2],"5":[1,1],"6":[1,1],"7":[2,0],"8":[2,1,1,1,1,1],"9":[0,2,0],"10":[1,1],"11":[2,1,1],"12":[1,0],"13":[0,2],"14":[2,0,0,0,0,0,0],"15":[0,2],"16":[2,0],"17":[1,1],"18":[0,1],"19":[1,2,0,2],"20":[1,0],"21":[1,1],"22":[0,0],"23":[0,0],"24":[0,0],"25":[0,0],"26":[0,0],"27":[0,0],"28":[0,0]},"f":{"1":2,"2":2,"3":2,"4":2,"5":2,"6":2,"7":2,"8":2,"9":3,"10":1,"11":6,"12":0},"fnMap":{"1":{"name":"(anonymous_1)","line":26,"loc":{"start":{"line":26,"column":1},"end":{"line":26,"column":13}}},"2":{"name":"(anonymous_2)","line":33,"loc":{"start":{"line":33,"column":5},"end":{"line":33,"column":17}}},"3":{"name":"(anonymous_3)","line":37,"loc":{"start":{"line":37,"column":24},"end":{"line":37,"column":36}}},"4":{"name":"(anonymous_4)","line":69,"loc":{"start":{"line":69,"column":31},"end":{"line":69,"column":48}},"skip":true},"5":{"name":"(anonymous_5)","line":78,"loc":{"start":{"line":78,"column":26},"end":{"line":78,"column":45}},"skip":true},"6":{"name":"(anonymous_6)","line":123,"loc":{"start":{"line":123,"column":33},"end":{"line":123,"column":48}},"skip":true},"7":{"name":"(anonymous_7)","line":125,"loc":{"start":{"line":125,"column":27},"end":{"line":125,"column":39}},"skip":true},"8":{"name":"(anonymous_8)","line":133,"loc":{"start":{"line":133,"column":59},"end":{"line":133,"column":74}},"skip":true},"9":{"name":"(anonymous_9)","line":143,"loc":{"start":{"line":143,"column":45},"end":{"line":143,"column":62}},"skip":true},"10":{"name":"(anonymous_10)","line":144,"loc":{"start":{"line":144,"column":73},"end":{"line":144,"column":92}},"skip":true},"11":{"name":"(anonymous_11)","line":272,"loc":{"start":{"line":272,"column":51},"end":{"line":272,"column":77}},"skip":true},"12":{"name":"(anonymous_12)","line":314,"loc":{"start":{"line":314,"column":32},"end":{"line":314,"column":61}},"skip":true}},"statementMap":{"1":{"start":{"line":26,"column":0},"end":{"line":325,"column":5}},"2":{"start":{"line":28,"column":4},"end":{"line":28,"column":14}},"3":{"start":{"line":33,"column":4},"end":{"line":60,"column":9}},"4":{"start":{"line":35,"column":8},"end":{"line":35,"column":19}},"5":{"start":{"line":37,"column":8},"end":{"line":49,"column":13}},"6":{"start":{"line":38,"column":12},"end":{"line":48,"column":13}},"7":{"start":{"line":39,"column":16},"end":{"line":42,"column":30}},"8":{"start":{"line":44,"column":16},"end":{"line":47,"column":27}},"9":{"start":{"line":51,"column":8},"end":{"line":53,"column":21}},"10":{"start":{"line":55,"column":8},"end":{"line":57,"column":45}},"11":{"start":{"line":59,"column":8},"end":{"line":59,"column":35}},"12":{"start":{"line":61,"column":4},"end":{"line":324,"column":5}},"13":{"start":{"line":69,"column":8},"end":{"line":121,"column":10},"skip":true},"14":{"start":{"line":70,"column":12},"end":{"line":88,"column":13},"skip":true},"15":{"start":{"line":76,"column":16},"end":{"line":87,"column":19},"skip":true},"16":{"start":{"line":79,"column":20},"end":{"line":86,"column":21},"skip":true},"17":{"start":{"line":82,"column":24},"end":{"line":82,"column":43},"skip":true},"18":{"start":{"line":83,"column":24},"end":{"line":83,"column":30},"skip":true},"19":{"start":{"line":85,"column":24},"end":{"line":85,"column":49},"skip":true},"20":{"start":{"line":89,"column":12},"end":{"line":107,"column":13},"skip":true},"21":{"start":{"line":92,"column":16},"end":{"line":102,"column":17},"skip":true},"22":{"start":{"line":93,"column":20},"end":{"line":93,"column":86},"skip":true},"23":{"start":{"line":94,"column":20},"end":{"line":95,"column":45},"skip":true},"24":{"start":{"line":96,"column":20},"end":{"line":96,"column":42},"skip":true},"25":{"start":{"line":97,"column":20},"end":{"line":97,"column":48},"skip":true},"26":{"start":{"line":100,"column":20},"end":{"line":100,"column":85},"skip":true},"27":{"start":{"line":101,"column":20},"end":{"line":101,"column":96},"skip":true},"28":{"start":{"line":103,"column":16},"end":{"line":103,"column":22},"skip":true},"29":{"start":{"line":106,"column":16},"end":{"line":106,"column":22},"skip":true},"30":{"start":{"line":108,"column":12},"end":{"line":120,"column":13},"skip":true},"31":{"start":{"line":114,"column":16},"end":{"line":119,"column":17},"skip":true},"32":{"start":{"line":116,"column":20},"end":{"line":116,"column":78},"skip":true},"33":{"start":{"line":118,"column":20},"end":{"line":118,"column":47},"skip":true},"34":{"start":{"line":123,"column":8},"end":{"line":141,"column":11},"skip":true},"35":{"start":{"line":124,"column":12},"end":{"line":124,"column":54},"skip":true},"36":{"start":{"line":125,"column":12},"end":{"line":140,"column":14},"skip":true},"37":{"start":{"line":126,"column":16},"end":{"line":126,"column":28},"skip":true},"38":{"start":{"line":127,"column":16},"end":{"line":127,"column":69},"skip":true},"39":{"start":{"line":128,"column":16},"end":{"line":128,"column":75},"skip":true},"40":{"start":{"line":129,"column":16},"end":{"line":131,"column":17},"skip":true},"41":{"start":{"line":130,"column":20},"end":{"line":130,"column":27},"skip":true},"42":{"start":{"line":133,"column":16},"end":{"line":137,"column":36},"skip":true},"43":{"start":{"line":134,"column":20},"end":{"line":136,"column":55},"skip":true},"44":{"start":{"line":139,"column":16},"end":{"line":139,"column":57},"skip":true},"45":{"start":{"line":143,"column":8},"end":{"line":147,"column":11},"skip":true},"46":{"start":{"line":144,"column":12},"end":{"line":146,"column":15},"skip":true},"47":{"start":{"line":145,"column":16},"end":{"line":145,"column":70},"skip":true},"48":{"start":{"line":149,"column":8},"end":{"line":149,"column":31},"skip":true},"49":{"start":{"line":150,"column":8},"end":{"line":150,"column":14},"skip":true},"50":{"start":{"line":158,"column":8},"end":{"line":158,"column":31},"skip":true},"51":{"start":{"line":160,"column":8},"end":{"line":160,"column":33},"skip":true},"52":{"start":{"line":161,"column":8},"end":{"line":161,"column":37},"skip":true},"53":{"start":{"line":162,"column":8},"end":{"line":162,"column":35},"skip":true},"54":{"start":{"line":164,"column":8},"end":{"line":164,"column":50},"skip":true},"55":{"start":{"line":166,"column":8},"end":{"line":256,"column":2},"skip":true},"56":{"start":{"line":258,"column":8},"end":{"line":286,"column":9},"skip":true},"57":{"start":{"line":259,"column":12},"end":{"line":269,"column":14},"skip":true},"58":{"start":{"line":271,"column":12},"end":{"line":285,"column":19},"skip":true},"59":{"start":{"line":274,"column":20},"end":{"line":274,"column":35},"skip":true},"60":{"start":{"line":275,"column":20},"end":{"line":284,"column":21},"skip":true},"61":{"start":{"line":277,"column":24},"end":{"line":277,"column":64},"skip":true},"62":{"start":{"line":279,"column":24},"end":{"line":279,"column":40},"skip":true},"63":{"start":{"line":281,"column":24},"end":{"line":281,"column":40},"skip":true},"64":{"start":{"line":283,"column":24},"end":{"line":283,"column":39},"skip":true},"65":{"start":{"line":288,"column":8},"end":{"line":290,"column":9},"skip":true},"66":{"start":{"line":289,"column":12},"end":{"line":289,"column":18},"skip":true},"67":{"start":{"line":291,"column":8},"end":{"line":293,"column":54},"skip":true},"68":{"start":{"line":294,"column":8},"end":{"line":301,"column":37},"skip":true},"69":{"start":{"line":302,"column":8},"end":{"line":302,"column":82},"skip":true},"70":{"start":{"line":305,"column":8},"end":{"line":307,"column":9},"skip":true},"71":{"start":{"line":306,"column":12},"end":{"line":306,"column":82},"skip":true},"72":{"start":{"line":309,"column":8},"end":{"line":311,"column":9},"skip":true},"73":{"start":{"line":310,"column":12},"end":{"line":310,"column":18},"skip":true},"74":{"start":{"line":312,"column":8},"end":{"line":312,"column":54},"skip":true},"75":{"start":{"line":313,"column":8},"end":{"line":313,"column":69},"skip":true},"76":{"start":{"line":314,"column":8},"end":{"line":322,"column":36},"skip":true},"77":{"start":{"line":315,"column":12},"end":{"line":315,"column":61},"skip":true},"78":{"start":{"line":316,"column":12},"end":{"line":319,"column":13},"skip":true},"79":{"start":{"line":317,"column":16},"end":{"line":317,"column":75},"skip":true},"80":{"start":{"line":318,"column":16},"end":{"line":318,"column":23},"skip":true},"81":{"start":{"line":320,"column":12},"end":{"line":320,"column":38},"skip":true},"82":{"start":{"line":321,"column":12},"end":{"line":321,"column":27},"skip":true},"83":{"start":{"line":323,"column":8},"end":{"line":323,"column":14},"skip":true}},"branchMap":{"1":{"line":39,"type":"binary-expr","locations":[{"start":{"line":39,"column":23},"end":{"line":39,"column":62}},{"start":{"line":40,"column":20},"end":{"line":40,"column":70}},{"start":{"line":41,"column":20},"end":{"line":41,"column":71}},{"start":{"line":42,"column":20},"end":{"line":42,"column":29}}]},"2":{"line":44,"type":"binary-expr","locations":[{"start":{"line":44,"column":23},"end":{"line":44,"column":37}},{"start":{"line":45,"column":20},"end":{"line":45,"column":61}},{"start":{"line":46,"column":20},"end":{"line":46,"column":70}},{"start":{"line":47,"column":20},"end":{"line":47,"column":26}}]},"3":{"line":51,"type":"cond-expr","locations":[{"start":{"line":52,"column":14},"end":{"line":52,"column":20}},{"start":{"line":53,"column":14},"end":{"line":53,"column":20}}]},"4":{"line":55,"type":"binary-expr","locations":[{"start":{"line":55,"column":16},"end":{"line":55,"column":44}},{"start":{"line":55,"column":49},"end":{"line":57,"column":43}}]},"5":{"line":55,"type":"cond-expr","locations":[{"start":{"line":56,"column":14},"end":{"line":56,"column":55}},{"start":{"line":57,"column":14},"end":{"line":57,"column":43}}]},"6":{"line":61,"type":"switch","locations":[{"start":{"line":68,"column":4},"end":{"line":150,"column":14},"skip":true},{"start":{"line":156,"column":4},"end":{"line":323,"column":14},"skip":true}]},"7":{"line":70,"type":"if","locations":[{"start":{"line":70,"column":12},"end":{"line":70,"column":12},"skip":true},{"start":{"line":70,"column":12},"end":{"line":70,"column":12},"skip":true}]},"8":{"line":70,"type":"binary-expr","locations":[{"start":{"line":70,"column":16},"end":{"line":70,"column":22},"skip":true},{"start":{"line":70,"column":27},"end":{"line":70,"column":32},"skip":true},{"start":{"line":71,"column":20},"end":{"line":71,"column":39},"skip":true},{"start":{"line":72,"column":20},"end":{"line":72,"column":49},"skip":true},{"start":{"line":73,"column":20},"end":{"line":73,"column":58},"skip":true},{"start":{"line":74,"column":20},"end":{"line":74,"column":69},"skip":true}]},"9":{"line":79,"type":"switch","locations":[{"start":{"line":80,"column":20},"end":{"line":80,"column":33},"skip":true},{"start":{"line":81,"column":20},"end":{"line":83,"column":30},"skip":true},{"start":{"line":84,"column":20},"end":{"line":85,"column":49},"skip":true}]},"10":{"line":89,"type":"switch","locations":[{"start":{"line":90,"column":12},"end":{"line":103,"column":22},"skip":true},{"start":{"line":105,"column":12},"end":{"line":106,"column":22},"skip":true}]},"11":{"line":89,"type":"binary-expr","locations":[{"start":{"line":89,"column":20},"end":{"line":89,"column":25},"skip":true},{"start":{"line":89,"column":29},"end":{"line":89,"column":48},"skip":true},{"start":{"line":89,"column":52},"end":{"line":89,"column":74},"skip":true}]},"12":{"line":92,"type":"if","locations":[{"start":{"line":92,"column":16},"end":{"line":92,"column":16},"skip":true},{"start":{"line":92,"column":16},"end":{"line":92,"column":16},"skip":true}]},"13":{"line":108,"type":"if","locations":[{"start":{"line":108,"column":12},"end":{"line":108,"column":12},"skip":true},{"start":{"line":108,"column":12},"end":{"line":108,"column":12},"skip":true}]},"14":{"line":108,"type":"binary-expr","locations":[{"start":{"line":108,"column":16},"end":{"line":108,"column":61},"skip":true},{"start":{"line":108,"column":66},"end":{"line":108,"column":72},"skip":true},{"start":{"line":108,"column":77},"end":{"line":108,"column":82},"skip":true},{"start":{"line":109,"column":20},"end":{"line":109,"column":39},"skip":true},{"start":{"line":110,"column":20},"end":{"line":110,"column":49},"skip":true},{"start":{"line":111,"column":20},"end":{"line":111,"column":58},"skip":true},{"start":{"line":112,"column":20},"end":{"line":112,"column":68},"skip":true}]},"15":{"line":129,"type":"if","locations":[{"start":{"line":129,"column":16},"end":{"line":129,"column":16},"skip":true},{"start":{"line":129,"column":16},"end":{"line":129,"column":16},"skip":true}]},"16":{"line":134,"type":"cond-expr","locations":[{"start":{"line":135,"column":26},"end":{"line":135,"column":29},"skip":true},{"start":{"line":136,"column":26},"end":{"line":136,"column":54},"skip":true}]},"17":{"line":164,"type":"binary-expr","locations":[{"start":{"line":164,"column":27},"end":{"line":164,"column":43},"skip":true},{"start":{"line":164,"column":47},"end":{"line":164,"column":49},"skip":true}]},"18":{"line":258,"type":"if","locations":[{"start":{"line":258,"column":8},"end":{"line":258,"column":8},"skip":true},{"start":{"line":258,"column":8},"end":{"line":258,"column":8},"skip":true}]},"19":{"line":275,"type":"switch","locations":[{"start":{"line":276,"column":20},"end":{"line":277,"column":64},"skip":true},{"start":{"line":278,"column":20},"end":{"line":279,"column":40},"skip":true},{"start":{"line":280,"column":20},"end":{"line":281,"column":40},"skip":true},{"start":{"line":282,"column":20},"end":{"line":283,"column":39},"skip":true}]},"20":{"line":288,"type":"if","locations":[{"start":{"line":288,"column":8},"end":{"line":288,"column":8},"skip":true},{"start":{"line":288,"column":8},"end":{"line":288,"column":8},"skip":true}]},"21":{"line":288,"type":"binary-expr","locations":[{"start":{"line":288,"column":12},"end":{"line":288,"column":40},"skip":true},{"start":{"line":288,"column":44},"end":{"line":288,"column":67},"skip":true}]},"22":{"line":292,"type":"binary-expr","locations":[{"start":{"line":292,"column":12},"end":{"line":292,"column":50},"skip":true},{"start":{"line":293,"column":12},"end":{"line":293,"column":53},"skip":true}]},"23":{"line":295,"type":"binary-expr","locations":[{"start":{"line":295,"column":12},"end":{"line":295,"column":69},"skip":true},{"start":{"line":296,"column":12},"end":{"line":301,"column":36},"skip":true}]},"24":{"line":302,"type":"binary-expr","locations":[{"start":{"line":302,"column":43},"end":{"line":302,"column":75},"skip":true},{"start":{"line":302,"column":79},"end":{"line":302,"column":81},"skip":true}]},"25":{"line":305,"type":"if","locations":[{"start":{"line":305,"column":8},"end":{"line":305,"column":8},"skip":true},{"start":{"line":305,"column":8},"end":{"line":305,"column":8},"skip":true}]},"26":{"line":309,"type":"if","locations":[{"start":{"line":309,"column":8},"end":{"line":309,"column":8},"skip":true},{"start":{"line":309,"column":8},"end":{"line":309,"column":8},"skip":true}]},"27":{"line":312,"type":"binary-expr","locations":[{"start":{"line":312,"column":27},"end":{"line":312,"column":43},"skip":true},{"start":{"line":312,"column":47},"end":{"line":312,"column":53},"skip":true}]},"28":{"line":316,"type":"if","locations":[{"start":{"line":316,"column":12},"end":{"line":316,"column":12},"skip":true},{"start":{"line":316,"column":12},"end":{"line":316,"column":12},"skip":true}]}},"code":["/*","example.js","","quickstart example","","instruction","    1. save this script as example.js","    2. run the shell command:","        $ npm install npmtest-htmlparser2 && PORT=8081 node example.js","    3. play with the browser-demo on http://127.0.0.1:8081","*/","","","","/* istanbul instrument in package npmtest_htmlparser2 */","/*jslint","    bitwise: true,","    browser: true,","    maxerr: 8,","    maxlen: 96,","    node: true,","    nomen: true,","    regexp: true,","    stupid: true","*/","(function () {","    'use strict';","    var local;","","","","    // run shared js-env code - pre-init","    (function () {","        // init local","        local = {};","        // init modeJs","        local.modeJs = (function () {","            try {","                return typeof navigator.userAgent === 'string' &&","                    typeof document.querySelector('body') === 'object' &&","                    typeof XMLHttpRequest.prototype.open === 'function' &&","                    'browser';","            } catch (errorCaughtBrowser) {","                return module.exports &&","                    typeof process.versions.node === 'string' &&","                    typeof require('http').createServer === 'function' &&","                    'node';","            }","        }());","        // init global","        local.global = local.modeJs === 'browser'","            ? window","            : global;","        // init utility2_rollup","        local = local.global.utility2_rollup || (local.modeJs === 'browser'","            ? local.global.utility2_npmtest_htmlparser2","            : global.utility2_moduleExports);","        // export local","        local.global.local = local;","    }());","    switch (local.modeJs) {","","","","    // post-init","    // run browser js-env code - post-init","    /* istanbul ignore next */","    case 'browser':","        local.testRunBrowser = function (event) {","            if (!event || (event &&","                    event.currentTarget &&","                    event.currentTarget.className &&","                    event.currentTarget.className.includes &&","                    event.currentTarget.className.includes('onreset'))) {","                // reset output","                Array.from(","                    document.querySelectorAll('body > .resettable')","                ).forEach(function (element) {","                    switch (element.tagName) {","                    case 'INPUT':","                    case 'TEXTAREA':","                        element.value = '';","                        break;","                    default:","                        element.textContent = '';","                    }","                });","            }","            switch (event && event.currentTarget && event.currentTarget.id) {","            case 'testRunButton1':","                // show tests","                if (document.querySelector('#testReportDiv1').style.display === 'none') {","                    document.querySelector('#testReportDiv1').style.display = 'block';","                    document.querySelector('#testRunButton1').textContent =","                        'hide internal test';","                    local.modeTest = true;","                    local.testRunDefault(local);","                // hide tests","                } else {","                    document.querySelector('#testReportDiv1').style.display = 'none';","                    document.querySelector('#testRunButton1').textContent = 'run internal test';","                }","                break;","            // custom-case","            default:","                break;","            }","            if (document.querySelector('#inputTextareaEval1') && (!event || (event &&","                    event.currentTarget &&","                    event.currentTarget.className &&","                    event.currentTarget.className.includes &&","                    event.currentTarget.className.includes('oneval')))) {","                // try to eval input-code","                try {","                    /*jslint evil: true*/","                    eval(document.querySelector('#inputTextareaEval1').value);","                } catch (errorCaught) {","                    console.error(errorCaught);","                }","            }","        };","        // log stderr and stdout to #outputTextareaStdout1","        ['error', 'log'].forEach(function (key) {","            console[key + '_original'] = console[key];","            console[key] = function () {","                var element;","                console[key + '_original'].apply(console, arguments);","                element = document.querySelector('#outputTextareaStdout1');","                if (!element) {","                    return;","                }","                // append text to #outputTextareaStdout1","                element.value += Array.from(arguments).map(function (arg) {","                    return typeof arg === 'string'","                        ? arg","                        : JSON.stringify(arg, null, 4);","                }).join(' ') + '\\n';","                // scroll textarea to bottom","                element.scrollTop = element.scrollHeight;","            };","        });","        // init event-handling","        ['change', 'click', 'keyup'].forEach(function (event) {","            Array.from(document.querySelectorAll('.on' + event)).forEach(function (element) {","                element.addEventListener(event, local.testRunBrowser);","            });","        });","        // run tests","        local.testRunBrowser();","        break;","","","","    // run node js-env code - post-init","    /* istanbul ignore next */","    case 'node':","        // export local","        module.exports = local;","        // require modules","        local.fs = require('fs');","        local.http = require('http');","        local.url = require('url');","        // init assets","        local.assetsDict = local.assetsDict || {};","        /* jslint-ignore-begin */","        local.assetsDict['/assets.index.template.html'] = '\\","<!doctype html>\\n\\","<html lang=\"en\">\\n\\","<head>\\n\\","<meta charset=\"UTF-8\">\\n\\","<meta name=\"viewport\" content=\"width=device-width, initial-scale=1\">\\n\\","<title>{{env.npm_package_name}} (v{{env.npm_package_version}})</title>\\n\\","<style>\\n\\","/*csslint\\n\\","    box-sizing: false,\\n\\","    universal-selector: false\\n\\","*/\\n\\","* {\\n\\","    box-sizing: border-box;\\n\\","}\\n\\","body {\\n\\","    background: #dde;\\n\\","    font-family: Arial, Helvetica, sans-serif;\\n\\","    margin: 2rem;\\n\\","}\\n\\","body > * {\\n\\","    margin-bottom: 1rem;\\n\\","}\\n\\",".utility2FooterDiv {\\n\\","    margin-top: 20px;\\n\\","    text-align: center;\\n\\","}\\n\\","</style>\\n\\","<style>\\n\\","/*csslint\\n\\","*/\\n\\","textarea {\\n\\","    font-family: monospace;\\n\\","    height: 10rem;\\n\\","    width: 100%;\\n\\","}\\n\\","textarea[readonly] {\\n\\","    background: #ddd;\\n\\","}\\n\\","</style>\\n\\","</head>\\n\\","<body>\\n\\","<!-- utility2-comment\\n\\","<div id=\"ajaxProgressDiv1\" style=\"background: #d00; height: 2px; left: 0; margin: 0; padding: 0; position: fixed; top: 0; transition: background 0.5s, width 1.5s; width: 25%;\"></div>\\n\\","utility2-comment -->\\n\\","<h1>\\n\\","<!-- utility2-comment\\n\\","    <a\\n\\","        {{#if env.npm_package_homepage}}\\n\\","        href=\"{{env.npm_package_homepage}}\"\\n\\","        {{/if env.npm_package_homepage}}\\n\\","        target=\"_blank\"\\n\\","    >\\n\\","utility2-comment -->\\n\\","        {{env.npm_package_name}} (v{{env.npm_package_version}})\\n\\","<!-- utility2-comment\\n\\","    </a>\\n\\","utility2-comment -->\\n\\","</h1>\\n\\","<h3>{{env.npm_package_description}}</h3>\\n\\","<!-- utility2-comment\\n\\","<h4><a download href=\"assets.app.js\">download standalone app</a></h4>\\n\\","<button class=\"onclick onreset\" id=\"testRunButton1\">run internal test</button><br>\\n\\","<div id=\"testReportDiv1\" style=\"display: none;\"></div>\\n\\","utility2-comment -->\\n\\","\\n\\","\\n\\","\\n\\","<label>stderr and stdout</label>\\n\\","<textarea class=\"resettable\" id=\"outputTextareaStdout1\" readonly></textarea>\\n\\","<!-- utility2-comment\\n\\","{{#if isRollup}}\\n\\","<script src=\"assets.app.js\"></script>\\n\\","{{#unless isRollup}}\\n\\","utility2-comment -->\\n\\","<script src=\"assets.utility2.rollup.js\"></script>\\n\\","<script src=\"jsonp.utility2._stateInit?callback=window.utility2._stateInit\"></script>\\n\\","<script src=\"assets.npmtest_htmlparser2.rollup.js\"></script>\\n\\","<script src=\"assets.example.js\"></script>\\n\\","<script src=\"assets.test.js\"></script>\\n\\","<!-- utility2-comment\\n\\","{{/if isRollup}}\\n\\","utility2-comment -->\\n\\","<div class=\"utility2FooterDiv\">\\n\\","    [ this app was created with\\n\\","    <a href=\"https://github.com/kaizhu256/node-utility2\" target=\"_blank\">utility2</a>\\n\\","    ]\\n\\","</div>\\n\\","</body>\\n\\","</html>\\n\\","';","        /* jslint-ignore-end */","        if (local.templateRender) {","            local.assetsDict['/'] = local.templateRender(","                local.assetsDict['/assets.index.template.html'],","                {","                    env: local.objectSetDefault(local.env, {","                        npm_package_description: 'the greatest app in the world!',","                        npm_package_name: 'my-app',","                        npm_package_nameAlias: 'my_app',","                        npm_package_version: '0.0.1'","                    })","                }","            );","        } else {","            local.assetsDict['/'] = local.assetsDict['/assets.index.template.html']","                .replace((/\\{\\{env\\.(\\w+?)\\}\\}/g), function (match0, match1) {","                    // jslint-hack","                    String(match0);","                    switch (match1) {","                    case 'npm_package_description':","                        return 'the greatest app in the world!';","                    case 'npm_package_name':","                        return 'my-app';","                    case 'npm_package_nameAlias':","                        return 'my_app';","                    case 'npm_package_version':","                        return '0.0.1';","                    }","                });","        }","        // run the cli","        if (local.global.utility2_rollup || module !== require.main) {","            break;","        }","        local.assetsDict['/assets.example.js'] =","            local.assetsDict['/assets.example.js'] ||","            local.fs.readFileSync(__filename, 'utf8');","        local.assetsDict['/assets.npmtest_htmlparser2.rollup.js'] =","            local.assetsDict['/assets.npmtest_htmlparser2.rollup.js'] ||","            local.fs.readFileSync(","                // buildCustomOrg-hack","                local.npmtest_htmlparser2.__dirname +","                    '/lib.npmtest_htmlparser2.js',","                'utf8'","            ).replace((/^#!/), '//');","        local.assetsDict['/favicon.ico'] = local.assetsDict['/favicon.ico'] || '';","        // if $npm_config_timeout_exit exists,","        // then exit this process after $npm_config_timeout_exit ms","        if (Number(process.env.npm_config_timeout_exit)) {","            setTimeout(process.exit, Number(process.env.npm_config_timeout_exit));","        }","        // start server","        if (local.global.utility2_serverHttp1) {","            break;","        }","        process.env.PORT = process.env.PORT || '8081';","        console.error('server starting on port ' + process.env.PORT);","        local.http.createServer(function (request, response) {","            request.urlParsed = local.url.parse(request.url);","            if (local.assetsDict[request.urlParsed.pathname] !== undefined) {","                response.end(local.assetsDict[request.urlParsed.pathname]);","                return;","            }","            response.statusCode = 404;","            response.end();","        }).listen(process.env.PORT);","        break;","    }","}());",""],"l":{"26":2,"28":2,"33":2,"35":2,"37":2,"38":2,"39":2,"44":1,"51":2,"55":2,"59":2,"61":2,"69":1,"70":2,"76":2,"79":2,"82":2,"83":2,"85":1,"89":2,"92":1,"93":1,"94":1,"96":1,"97":1,"100":1,"101":1,"103":1,"106":1,"108":2,"114":1,"116":1,"118":1,"123":1,"124":2,"125":2,"126":2,"127":2,"128":2,"129":2,"130":1,"133":2,"134":2,"139":2,"143":1,"144":3,"145":1,"149":1,"150":1,"158":1,"160":1,"161":1,"162":1,"164":1,"166":1,"258":1,"259":1,"271":1,"274":6,"275":6,"277":1,"279":2,"281":1,"283":2,"288":1,"289":1,"291":1,"294":1,"302":1,"305":1,"306":1,"309":1,"310":1,"312":1,"313":1,"314":1,"315":1,"316":1,"317":1,"318":1,"320":1,"321":1,"323":1}},"/home/travis/build/npmtest/node-npmtest-htmlparser2/node_modules/htmlparser2/lib/index.js":{"path":"/home/travis/build/npmtest/node-npmtest-htmlparser2/node_modules/htmlparser2/lib/index.js","s":{"1":1,"2":1,"3":7,"4":7,"5":7,"6":1,"7":1,"8":1,"9":1,"10":1,"11":1,"12":1,"13":1,"14":0,"15":0,"16":0,"17":0,"18":0,"19":0,"20":0,"21":0},"b":{},"f":{"1":7,"2":1,"3":1,"4":1,"5":1,"6":1,"7":1,"8":1,"9":0,"10":0,"11":0},"fnMap":{"1":{"name":"defineProp","line":4,"loc":{"start":{"line":4,"column":0},"end":{"line":4,"column":32}}},"2":{"name":"(anonymous_2)","line":15,"loc":{"start":{"line":15,"column":16},"end":{"line":15,"column":18}}},"3":{"name":"(anonymous_3)","line":18,"loc":{"start":{"line":18,"column":11},"end":{"line":18,"column":13}}},"4":{"name":"(anonymous_4)","line":21,"loc":{"start":{"line":21,"column":19},"end":{"line":21,"column":21}}},"5":{"name":"(anonymous_5)","line":24,"loc":{"start":{"line":24,"column":17},"end":{"line":24,"column":19}}},"6":{"name":"(anonymous_6)","line":27,"loc":{"start":{"line":27,"column":13},"end":{"line":27,"column":15}}},"7":{"name":"(anonymous_7)","line":30,"loc":{"start":{"line":30,"column":22},"end":{"line":30,"column":24}}},"8":{"name":"(anonymous_8)","line":35,"loc":{"start":{"line":35,"column":15},"end":{"line":35,"column":17}}},"9":{"name":"(anonymous_9)","line":39,"loc":{"start":{"line":39,"column":11},"end":{"line":39,"column":34}}},"10":{"name":"(anonymous_10)","line":44,"loc":{"start":{"line":44,"column":12},"end":{"line":44,"column":35}}},"11":{"name":"(anonymous_11)","line":49,"loc":{"start":{"line":49,"column":18},"end":{"line":49,"column":50}}}},"statementMap":{"1":{"start":{"line":1,"column":0},"end":{"line":2,"column":39}},"2":{"start":{"line":4,"column":0},"end":{"line":8,"column":1}},"3":{"start":{"line":5,"column":1},"end":{"line":5,"column":29}},"4":{"start":{"line":6,"column":1},"end":{"line":6,"column":30}},"5":{"start":{"line":7,"column":1},"end":{"line":7,"column":14}},"6":{"start":{"line":10,"column":0},"end":{"line":68,"column":2}},"7":{"start":{"line":16,"column":2},"end":{"line":16,"column":64}},"8":{"start":{"line":19,"column":2},"end":{"line":19,"column":54}},"9":{"start":{"line":22,"column":2},"end":{"line":22,"column":70}},"10":{"start":{"line":25,"column":2},"end":{"line":25,"column":66}},"11":{"start":{"line":28,"column":2},"end":{"line":28,"column":53}},"12":{"start":{"line":31,"column":2},"end":{"line":31,"column":76}},"13":{"start":{"line":36,"column":2},"end":{"line":36,"column":52}},"14":{"start":{"line":40,"column":2},"end":{"line":40,"column":40}},"15":{"start":{"line":41,"column":2},"end":{"line":41,"column":41}},"16":{"start":{"line":42,"column":2},"end":{"line":42,"column":21}},"17":{"start":{"line":45,"column":2},"end":{"line":45,"column":56}},"18":{"start":{"line":46,"column":2},"end":{"line":46,"column":41}},"19":{"start":{"line":47,"column":2},"end":{"line":47,"column":21}},"20":{"start":{"line":50,"column":2},"end":{"line":50,"column":55}},"21":{"start":{"line":51,"column":2},"end":{"line":51,"column":38}}},"branchMap":{},"code":["var Parser = require(\"./Parser.js\"),","    DomHandler = require(\"domhandler\");","","function defineProp(name, value){","\tdelete module.exports[name];","\tmodule.exports[name] = value;","\treturn value;","}","","module.exports = {","\tParser: Parser,","\tTokenizer: require(\"./Tokenizer.js\"),","\tElementType: require(\"domelementtype\"),","\tDomHandler: DomHandler,","\tget FeedHandler(){","\t\treturn defineProp(\"FeedHandler\", require(\"./FeedHandler.js\"));","\t},","\tget Stream(){","\t\treturn defineProp(\"Stream\", require(\"./Stream.js\"));","\t},","\tget WritableStream(){","\t\treturn defineProp(\"WritableStream\", require(\"./WritableStream.js\"));","\t},","\tget ProxyHandler(){","\t\treturn defineProp(\"ProxyHandler\", require(\"./ProxyHandler.js\"));","\t},","\tget DomUtils(){","\t\treturn defineProp(\"DomUtils\", require(\"domutils\"));","\t},","\tget CollectingHandler(){","\t\treturn defineProp(\"CollectingHandler\", require(\"./CollectingHandler.js\"));","\t},","\t// For legacy support","\tDefaultHandler: DomHandler,","\tget RssHandler(){","\t\treturn defineProp(\"RssHandler\", this.FeedHandler);","\t},","\t//helper methods","\tparseDOM: function(data, options){","\t\tvar handler = new DomHandler(options);","\t\tnew Parser(handler, options).end(data);","\t\treturn handler.dom;","\t},","\tparseFeed: function(feed, options){","\t\tvar handler = new module.exports.FeedHandler(options);","\t\tnew Parser(handler, options).end(feed);","\t\treturn handler.dom;","\t},","\tcreateDomStream: function(cb, options, elementCb){","\t\tvar handler = new DomHandler(cb, options, elementCb);","\t\treturn new Parser(handler, options);","\t},","\t// List of all events that the parser emits","\tEVENTS: { /* Format: eventname: number of arguments */","\t\tattribute: 2,","\t\tcdatastart: 0,","\t\tcdataend: 0,","\t\ttext: 1,","\t\tprocessinginstruction: 2,","\t\tcomment: 1,","\t\tcommentend: 0,","\t\tclosetag: 1,","\t\topentag: 2,","\t\topentagname: 1,","\t\terror: 1,","\t\tend: 0","\t}","};",""],"l":{"1":1,"4":1,"5":7,"6":7,"7":7,"10":1,"16":1,"19":1,"22":1,"25":1,"28":1,"31":1,"36":1,"40":0,"41":0,"42":0,"45":0,"46":0,"47":0,"50":0,"51":0}},"/home/travis/build/npmtest/node-npmtest-htmlparser2/node_modules/htmlparser2/lib/Parser.js":{"path":"/home/travis/build/npmtest/node-npmtest-htmlparser2/node_modules/htmlparser2/lib/Parser.js","s":{"1":1,"2":1,"3":1,"4":1,"5":1,"6":1,"7":0,"8":0,"9":0,"10":0,"11":0,"12":0,"13":0,"14":0,"15":0,"16":0,"17":0,"18":0,"19":0,"20":0,"21":0,"22":0,"23":1,"24":1,"25":0,"26":0,"27":0,"28":0,"29":0,"30":0,"31":1,"32":0,"33":0,"34":0,"35":0,"36":1,"37":0,"38":0,"39":0,"40":0,"41":0,"42":0,"43":0,"44":0,"45":0,"46":0,"47":0,"48":1,"49":0,"50":0,"51":0,"52":0,"53":0,"54":0,"55":0,"56":0,"57":1,"58":0,"59":0,"60":0,"61":0,"62":0,"63":0,"64":0,"65":0,"66":0,"67":0,"68":0,"69":0,"70":0,"71":0,"72":0,"73":0,"74":0,"75":1,"76":0,"77":0,"78":0,"79":1,"80":0,"81":0,"82":0,"83":0,"84":0,"85":0,"86":1,"87":0,"88":0,"89":0,"90":1,"91":0,"92":1,"93":0,"94":0,"95":0,"96":0,"97":0,"98":0,"99":1,"100":0,"101":0,"102":0,"103":0,"104":1,"105":0,"106":0,"107":0,"108":1,"109":0,"110":0,"111":0,"112":1,"113":0,"114":0,"115":0,"116":0,"117":0,"118":1,"119":0,"120":0,"121":0,"122":0,"123":0,"124":0,"125":0,"126":0,"127":0,"128":1,"129":0,"130":0,"131":1,"132":0,"133":0,"134":0,"135":0,"136":1,"137":0,"138":0,"139":0,"140":0,"141":0,"142":0,"143":0,"144":0,"145":0,"146":1,"147":0,"148":0,"149":1,"150":0,"151":1,"152":0,"153":1,"154":0,"155":1,"156":0,"157":1,"158":1,"159":1},"b":{"1":[0,0],"2":[0,0],"3":[0,0],"4":[0,0],"5":[0,0],"6":[0,0],"7":[0,0],"8":[0,0],"9":[0,0],"10":[0,0],"11":[0,0],"12":[0,0],"13":[0,0],"14":[0,0],"15":[0,0],"16":[0,0],"17":[0,0],"18":[0,0],"19":[0,0],"20":[0,0,0],"21":[0,0],"22":[0,0],"23":[0,0,0],"24":[0,0],"25":[0,0],"26":[0,0],"27":[0,0],"28":[0,0],"29":[0,0,0],"30":[0,0],"31":[0,0],"32":[0,0],"33":[0,0],"34":[0,0],"35":[0,0],"36":[0,0],"37":[0,0],"38":[0,0],"39":[0,0],"40":[0,0],"41":[0,0],"42":[0,0],"43":[0,0],"44":[0,0],"45":[0,0],"46":[0,0],"47":[0,0],"48":[0,0],"49":[0,0],"50":[0,0],"51":[0,0],"52":[0,0],"53":[0,0]},"f":{"1":0,"2":0,"3":0,"4":0,"5":0,"6":0,"7":0,"8":0,"9":0,"10":0,"11":0,"12":0,"13":0,"14":0,"15":0,"16":0,"17":0,"18":0,"19":0,"20":0,"21":0,"22":0,"23":0,"24":0},"fnMap":{"1":{"name":"Parser","line":95,"loc":{"start":{"line":95,"column":0},"end":{"line":95,"column":29}}},"2":{"name":"(anonymous_2)","line":125,"loc":{"start":{"line":125,"column":35},"end":{"line":125,"column":58}}},"3":{"name":"(anonymous_3)","line":138,"loc":{"start":{"line":138,"column":26},"end":{"line":138,"column":40}}},"4":{"name":"(anonymous_4)","line":145,"loc":{"start":{"line":145,"column":33},"end":{"line":145,"column":47}}},"5":{"name":"(anonymous_5)","line":168,"loc":{"start":{"line":168,"column":32},"end":{"line":168,"column":42}}},"6":{"name":"(anonymous_6)","line":183,"loc":{"start":{"line":183,"column":30},"end":{"line":183,"column":44}}},"7":{"name":"(anonymous_7)","line":208,"loc":{"start":{"line":208,"column":36},"end":{"line":208,"column":46}}},"8":{"name":"(anonymous_8)","line":216,"loc":{"start":{"line":216,"column":36},"end":{"line":216,"column":46}}},"9":{"name":"(anonymous_9)","line":231,"loc":{"start":{"line":231,"column":32},"end":{"line":231,"column":46}}},"10":{"name":"(anonymous_10)","line":238,"loc":{"start":{"line":238,"column":32},"end":{"line":238,"column":47}}},"11":{"name":"(anonymous_11)","line":242,"loc":{"start":{"line":242,"column":31},"end":{"line":242,"column":41}}},"12":{"name":"(anonymous_12)","line":254,"loc":{"start":{"line":254,"column":39},"end":{"line":254,"column":54}}},"13":{"name":"(anonymous_13)","line":265,"loc":{"start":{"line":265,"column":33},"end":{"line":265,"column":48}}},"14":{"name":"(anonymous_14)","line":272,"loc":{"start":{"line":272,"column":43},"end":{"line":272,"column":58}}},"15":{"name":"(anonymous_15)","line":279,"loc":{"start":{"line":279,"column":29},"end":{"line":279,"column":44}}},"16":{"name":"(anonymous_16)","line":286,"loc":{"start":{"line":286,"column":27},"end":{"line":286,"column":42}}},"17":{"name":"(anonymous_17)","line":298,"loc":{"start":{"line":298,"column":27},"end":{"line":298,"column":40}}},"18":{"name":"(anonymous_18)","line":302,"loc":{"start":{"line":302,"column":25},"end":{"line":302,"column":35}}},"19":{"name":"(anonymous_19)","line":315,"loc":{"start":{"line":315,"column":25},"end":{"line":315,"column":35}}},"20":{"name":"(anonymous_20)","line":328,"loc":{"start":{"line":328,"column":33},"end":{"line":328,"column":47}}},"21":{"name":"(anonymous_21)","line":333,"loc":{"start":{"line":333,"column":25},"end":{"line":333,"column":40}}},"22":{"name":"(anonymous_22)","line":337,"loc":{"start":{"line":337,"column":23},"end":{"line":337,"column":38}}},"23":{"name":"(anonymous_23)","line":341,"loc":{"start":{"line":341,"column":25},"end":{"line":341,"column":35}}},"24":{"name":"(anonymous_24)","line":345,"loc":{"start":{"line":345,"column":26},"end":{"line":345,"column":36}}}},"statementMap":{"1":{"start":{"line":1,"column":0},"end":{"line":1,"column":42}},"2":{"start":{"line":26,"column":0},"end":{"line":34,"column":2}},"3":{"start":{"line":36,"column":0},"end":{"line":57,"column":2}},"4":{"start":{"line":59,"column":0},"end":{"line":91,"column":2}},"5":{"start":{"line":93,"column":0},"end":{"line":93,"column":25}},"6":{"start":{"line":95,"column":0},"end":{"line":121,"column":1}},"7":{"start":{"line":96,"column":1},"end":{"line":96,"column":31}},"8":{"start":{"line":97,"column":1},"end":{"line":97,"column":23}},"9":{"start":{"line":99,"column":1},"end":{"line":99,"column":20}},"10":{"start":{"line":100,"column":1},"end":{"line":100,"column":23}},"11":{"start":{"line":101,"column":1},"end":{"line":101,"column":24}},"12":{"start":{"line":102,"column":1},"end":{"line":102,"column":22}},"13":{"start":{"line":103,"column":1},"end":{"line":103,"column":18}},"14":{"start":{"line":105,"column":1},"end":{"line":105,"column":21}},"15":{"start":{"line":106,"column":1},"end":{"line":106,"column":22}},"16":{"start":{"line":108,"column":1},"end":{"line":110,"column":32}},"17":{"start":{"line":111,"column":1},"end":{"line":113,"column":32}},"18":{"start":{"line":115,"column":1},"end":{"line":117,"column":2}},"19":{"start":{"line":116,"column":2},"end":{"line":116,"column":38}},"20":{"start":{"line":118,"column":1},"end":{"line":118,"column":54}},"21":{"start":{"line":120,"column":1},"end":{"line":120,"column":57}},"22":{"start":{"line":120,"column":28},"end":{"line":120,"column":57}},"23":{"start":{"line":123,"column":0},"end":{"line":123,"column":60}},"24":{"start":{"line":125,"column":0},"end":{"line":135,"column":2}},"25":{"start":{"line":126,"column":1},"end":{"line":133,"column":42}},"26":{"start":{"line":127,"column":2},"end":{"line":131,"column":3}},"27":{"start":{"line":128,"column":3},"end":{"line":128,"column":23}},"28":{"start":{"line":130,"column":3},"end":{"line":130,"column":67}},"29":{"start":{"line":133,"column":6},"end":{"line":133,"column":42}},"30":{"start":{"line":134,"column":1},"end":{"line":134,"column":52}},"31":{"start":{"line":138,"column":0},"end":{"line":143,"column":2}},"32":{"start":{"line":139,"column":1},"end":{"line":139,"column":25}},"33":{"start":{"line":140,"column":1},"end":{"line":140,"column":17}},"34":{"start":{"line":142,"column":1},"end":{"line":142,"column":45}},"35":{"start":{"line":142,"column":22},"end":{"line":142,"column":45}},"36":{"start":{"line":145,"column":0},"end":{"line":166,"column":2}},"37":{"start":{"line":146,"column":1},"end":{"line":148,"column":2}},"38":{"start":{"line":147,"column":2},"end":{"line":147,"column":28}},"39":{"start":{"line":150,"column":1},"end":{"line":150,"column":22}},"40":{"start":{"line":152,"column":1},"end":{"line":158,"column":2}},"41":{"start":{"line":153,"column":2},"end":{"line":157,"column":4}},"42":{"start":{"line":160,"column":1},"end":{"line":162,"column":2}},"43":{"start":{"line":161,"column":2},"end":{"line":161,"column":25}},"44":{"start":{"line":164,"column":1},"end":{"line":164,"column":59}},"45":{"start":{"line":164,"column":29},"end":{"line":164,"column":59}},"46":{"start":{"line":165,"column":1},"end":{"line":165,"column":44}},"47":{"start":{"line":165,"column":25},"end":{"line":165,"column":44}},"48":{"start":{"line":168,"column":0},"end":{"line":181,"column":2}},"49":{"start":{"line":169,"column":1},"end":{"line":169,"column":25}},"50":{"start":{"line":171,"column":1},"end":{"line":174,"column":2}},"51":{"start":{"line":172,"column":2},"end":{"line":172,"column":76}},"52":{"start":{"line":172,"column":26},"end":{"line":172,"column":76}},"53":{"start":{"line":173,"column":2},"end":{"line":173,"column":23}},"54":{"start":{"line":176,"column":1},"end":{"line":178,"column":2}},"55":{"start":{"line":177,"column":2},"end":{"line":177,"column":38}},"56":{"start":{"line":180,"column":1},"end":{"line":180,"column":20}},"57":{"start":{"line":183,"column":0},"end":{"line":206,"column":2}},"58":{"start":{"line":184,"column":1},"end":{"line":184,"column":25}},"59":{"start":{"line":186,"column":1},"end":{"line":188,"column":2}},"60":{"start":{"line":187,"column":2},"end":{"line":187,"column":28}},"61":{"start":{"line":190,"column":1},"end":{"line":205,"column":2}},"62":{"start":{"line":191,"column":2},"end":{"line":191,"column":42}},"63":{"start":{"line":192,"column":2},"end":{"line":201,"column":3}},"64":{"start":{"line":193,"column":3},"end":{"line":197,"column":33}},"65":{"start":{"line":194,"column":4},"end":{"line":194,"column":35}},"66":{"start":{"line":195,"column":4},"end":{"line":195,"column":57}},"67":{"start":{"line":195,"column":17},"end":{"line":195,"column":57}},"68":{"start":{"line":197,"column":8},"end":{"line":197,"column":33}},"69":{"start":{"line":198,"column":9},"end":{"line":201,"column":3}},"70":{"start":{"line":199,"column":3},"end":{"line":199,"column":28}},"71":{"start":{"line":200,"column":3},"end":{"line":200,"column":27}},"72":{"start":{"line":202,"column":8},"end":{"line":205,"column":2}},"73":{"start":{"line":203,"column":2},"end":{"line":203,"column":27}},"74":{"start":{"line":204,"column":2},"end":{"line":204,"column":26}},"75":{"start":{"line":208,"column":0},"end":{"line":214,"column":2}},"76":{"start":{"line":209,"column":1},"end":{"line":213,"column":2}},"77":{"start":{"line":210,"column":2},"end":{"line":210,"column":26}},"78":{"start":{"line":212,"column":2},"end":{"line":212,"column":22}},"79":{"start":{"line":216,"column":0},"end":{"line":229,"column":2}},"80":{"start":{"line":217,"column":1},"end":{"line":217,"column":26}},"81":{"start":{"line":219,"column":1},"end":{"line":219,"column":21}},"82":{"start":{"line":223,"column":1},"end":{"line":228,"column":2}},"83":{"start":{"line":224,"column":2},"end":{"line":226,"column":3}},"84":{"start":{"line":225,"column":3},"end":{"line":225,"column":30}},"85":{"start":{"line":227,"column":2},"end":{"line":227,"column":20}},"86":{"start":{"line":231,"column":0},"end":{"line":236,"column":2}},"87":{"start":{"line":232,"column":1},"end":{"line":234,"column":2}},"88":{"start":{"line":233,"column":2},"end":{"line":233,"column":28}},"89":{"start":{"line":235,"column":1},"end":{"line":235,"column":25}},"90":{"start":{"line":238,"column":0},"end":{"line":240,"column":2}},"91":{"start":{"line":239,"column":1},"end":{"line":239,"column":28}},"92":{"start":{"line":242,"column":0},"end":{"line":252,"column":2}},"93":{"start":{"line":243,"column":1},"end":{"line":243,"column":86}},"94":{"start":{"line":243,"column":27},"end":{"line":243,"column":86}},"95":{"start":{"line":244,"column":1},"end":{"line":249,"column":2}},"96":{"start":{"line":248,"column":2},"end":{"line":248,"column":54}},"97":{"start":{"line":250,"column":1},"end":{"line":250,"column":23}},"98":{"start":{"line":251,"column":1},"end":{"line":251,"column":24}},"99":{"start":{"line":254,"column":0},"end":{"line":263,"column":2}},"100":{"start":{"line":255,"column":1},"end":{"line":256,"column":51}},"101":{"start":{"line":258,"column":1},"end":{"line":260,"column":2}},"102":{"start":{"line":259,"column":2},"end":{"line":259,"column":28}},"103":{"start":{"line":262,"column":1},"end":{"line":262,"column":13}},"104":{"start":{"line":265,"column":0},"end":{"line":270,"column":2}},"105":{"start":{"line":266,"column":1},"end":{"line":269,"column":2}},"106":{"start":{"line":267,"column":2},"end":{"line":267,"column":45}},"107":{"start":{"line":268,"column":2},"end":{"line":268,"column":61}},"108":{"start":{"line":272,"column":0},"end":{"line":277,"column":2}},"109":{"start":{"line":273,"column":1},"end":{"line":276,"column":2}},"110":{"start":{"line":274,"column":2},"end":{"line":274,"column":45}},"111":{"start":{"line":275,"column":2},"end":{"line":275,"column":61}},"112":{"start":{"line":279,"column":0},"end":{"line":284,"column":2}},"113":{"start":{"line":280,"column":1},"end":{"line":280,"column":25}},"114":{"start":{"line":282,"column":1},"end":{"line":282,"column":52}},"115":{"start":{"line":282,"column":25},"end":{"line":282,"column":52}},"116":{"start":{"line":283,"column":1},"end":{"line":283,"column":53}},"117":{"start":{"line":283,"column":28},"end":{"line":283,"column":53}},"118":{"start":{"line":286,"column":0},"end":{"line":296,"column":2}},"119":{"start":{"line":287,"column":1},"end":{"line":287,"column":25}},"120":{"start":{"line":289,"column":1},"end":{"line":295,"column":2}},"121":{"start":{"line":290,"column":2},"end":{"line":290,"column":54}},"122":{"start":{"line":290,"column":29},"end":{"line":290,"column":54}},"123":{"start":{"line":291,"column":2},"end":{"line":291,"column":47}},"124":{"start":{"line":291,"column":23},"end":{"line":291,"column":47}},"125":{"start":{"line":292,"column":2},"end":{"line":292,"column":50}},"126":{"start":{"line":292,"column":27},"end":{"line":292,"column":50}},"127":{"start":{"line":294,"column":2},"end":{"line":294,"column":43}},"128":{"start":{"line":298,"column":0},"end":{"line":300,"column":2}},"129":{"start":{"line":299,"column":1},"end":{"line":299,"column":46}},"130":{"start":{"line":299,"column":23},"end":{"line":299,"column":46}},"131":{"start":{"line":302,"column":0},"end":{"line":311,"column":2}},"132":{"start":{"line":303,"column":1},"end":{"line":309,"column":2}},"133":{"start":{"line":304,"column":2},"end":{"line":308,"column":4}},"134":{"start":{"line":310,"column":1},"end":{"line":310,"column":39}},"135":{"start":{"line":310,"column":21},"end":{"line":310,"column":39}},"136":{"start":{"line":315,"column":0},"end":{"line":325,"column":2}},"137":{"start":{"line":316,"column":1},"end":{"line":316,"column":43}},"138":{"start":{"line":316,"column":23},"end":{"line":316,"column":43}},"139":{"start":{"line":317,"column":1},"end":{"line":317,"column":25}},"140":{"start":{"line":319,"column":1},"end":{"line":319,"column":20}},"141":{"start":{"line":320,"column":1},"end":{"line":320,"column":23}},"142":{"start":{"line":321,"column":1},"end":{"line":321,"column":22}},"143":{"start":{"line":322,"column":1},"end":{"line":322,"column":18}},"144":{"start":{"line":324,"column":1},"end":{"line":324,"column":57}},"145":{"start":{"line":324,"column":28},"end":{"line":324,"column":57}},"146":{"start":{"line":328,"column":0},"end":{"line":331,"column":2}},"147":{"start":{"line":329,"column":1},"end":{"line":329,"column":14}},"148":{"start":{"line":330,"column":1},"end":{"line":330,"column":16}},"149":{"start":{"line":333,"column":0},"end":{"line":335,"column":2}},"150":{"start":{"line":334,"column":1},"end":{"line":334,"column":30}},"151":{"start":{"line":337,"column":0},"end":{"line":339,"column":2}},"152":{"start":{"line":338,"column":1},"end":{"line":338,"column":28}},"153":{"start":{"line":341,"column":0},"end":{"line":343,"column":2}},"154":{"start":{"line":342,"column":1},"end":{"line":342,"column":25}},"155":{"start":{"line":345,"column":0},"end":{"line":347,"column":2}},"156":{"start":{"line":346,"column":1},"end":{"line":346,"column":26}},"157":{"start":{"line":350,"column":0},"end":{"line":350,"column":53}},"158":{"start":{"line":351,"column":0},"end":{"line":351,"column":45}},"159":{"start":{"line":353,"column":0},"end":{"line":353,"column":24}}},"branchMap":{"1":{"line":96,"type":"binary-expr","locations":[{"start":{"line":96,"column":17},"end":{"line":96,"column":24}},{"start":{"line":96,"column":28},"end":{"line":96,"column":30}}]},"2":{"line":97,"type":"binary-expr","locations":[{"start":{"line":97,"column":13},"end":{"line":97,"column":16}},{"start":{"line":97,"column":20},"end":{"line":97,"column":22}}]},"3":{"line":108,"type":"cond-expr","locations":[{"start":{"line":109,"column":9},"end":{"line":109,"column":38}},{"start":{"line":110,"column":9},"end":{"line":110,"column":31}}]},"4":{"line":111,"type":"cond-expr","locations":[{"start":{"line":112,"column":9},"end":{"line":112,"column":48}},{"start":{"line":113,"column":9},"end":{"line":113,"column":31}}]},"5":{"line":115,"type":"if","locations":[{"start":{"line":115,"column":1},"end":{"line":115,"column":1}},{"start":{"line":115,"column":1},"end":{"line":115,"column":1}}]},"6":{"line":120,"type":"if","locations":[{"start":{"line":120,"column":1},"end":{"line":120,"column":1}},{"start":{"line":120,"column":1},"end":{"line":120,"column":1}}]},"7":{"line":126,"type":"if","locations":[{"start":{"line":126,"column":1},"end":{"line":126,"column":1}},{"start":{"line":126,"column":1},"end":{"line":126,"column":1}}]},"8":{"line":127,"type":"if","locations":[{"start":{"line":127,"column":2},"end":{"line":127,"column":2}},{"start":{"line":127,"column":2},"end":{"line":127,"column":2}}]},"9":{"line":142,"type":"if","locations":[{"start":{"line":142,"column":1},"end":{"line":142,"column":1}},{"start":{"line":142,"column":1},"end":{"line":142,"column":1}}]},"10":{"line":146,"type":"if","locations":[{"start":{"line":146,"column":1},"end":{"line":146,"column":1}},{"start":{"line":146,"column":1},"end":{"line":146,"column":1}}]},"11":{"line":152,"type":"if","locations":[{"start":{"line":152,"column":1},"end":{"line":152,"column":1}},{"start":{"line":152,"column":1},"end":{"line":152,"column":1}}]},"12":{"line":152,"type":"binary-expr","locations":[{"start":{"line":152,"column":4},"end":{"line":152,"column":26}},{"start":{"line":152,"column":30},"end":{"line":152,"column":54}}]},"13":{"line":160,"type":"if","locations":[{"start":{"line":160,"column":1},"end":{"line":160,"column":1}},{"start":{"line":160,"column":1},"end":{"line":160,"column":1}}]},"14":{"line":160,"type":"binary-expr","locations":[{"start":{"line":160,"column":4},"end":{"line":160,"column":25}},{"start":{"line":160,"column":29},"end":{"line":160,"column":52}}]},"15":{"line":164,"type":"if","locations":[{"start":{"line":164,"column":1},"end":{"line":164,"column":1}},{"start":{"line":164,"column":1},"end":{"line":164,"column":1}}]},"16":{"line":165,"type":"if","locations":[{"start":{"line":165,"column":1},"end":{"line":165,"column":1}},{"start":{"line":165,"column":1},"end":{"line":165,"column":1}}]},"17":{"line":171,"type":"if","locations":[{"start":{"line":171,"column":1},"end":{"line":171,"column":1}},{"start":{"line":171,"column":1},"end":{"line":171,"column":1}}]},"18":{"line":172,"type":"if","locations":[{"start":{"line":172,"column":2},"end":{"line":172,"column":2}},{"start":{"line":172,"column":2},"end":{"line":172,"column":2}}]},"19":{"line":176,"type":"if","locations":[{"start":{"line":176,"column":1},"end":{"line":176,"column":1}},{"start":{"line":176,"column":1},"end":{"line":176,"column":1}}]},"20":{"line":176,"type":"binary-expr","locations":[{"start":{"line":176,"column":4},"end":{"line":176,"column":26}},{"start":{"line":176,"column":30},"end":{"line":176,"column":50}},{"start":{"line":176,"column":54},"end":{"line":176,"column":83}}]},"21":{"line":186,"type":"if","locations":[{"start":{"line":186,"column":1},"end":{"line":186,"column":1}},{"start":{"line":186,"column":1},"end":{"line":186,"column":1}}]},"22":{"line":190,"type":"if","locations":[{"start":{"line":190,"column":1},"end":{"line":190,"column":1}},{"start":{"line":190,"column":1},"end":{"line":190,"column":1}}]},"23":{"line":190,"type":"binary-expr","locations":[{"start":{"line":190,"column":4},"end":{"line":190,"column":22}},{"start":{"line":190,"column":27},"end":{"line":190,"column":50}},{"start":{"line":190,"column":54},"end":{"line":190,"column":75}}]},"24":{"line":192,"type":"if","locations":[{"start":{"line":192,"column":2},"end":{"line":192,"column":2}},{"start":{"line":192,"column":2},"end":{"line":192,"column":2}}]},"25":{"line":193,"type":"if","locations":[{"start":{"line":193,"column":3},"end":{"line":193,"column":3}},{"start":{"line":193,"column":3},"end":{"line":193,"column":3}}]},"26":{"line":198,"type":"if","locations":[{"start":{"line":198,"column":9},"end":{"line":198,"column":9}},{"start":{"line":198,"column":9},"end":{"line":198,"column":9}}]},"27":{"line":198,"type":"binary-expr","locations":[{"start":{"line":198,"column":12},"end":{"line":198,"column":24}},{"start":{"line":198,"column":28},"end":{"line":198,"column":50}}]},"28":{"line":202,"type":"if","locations":[{"start":{"line":202,"column":8},"end":{"line":202,"column":8}},{"start":{"line":202,"column":8},"end":{"line":202,"column":8}}]},"29":{"line":202,"type":"binary-expr","locations":[{"start":{"line":202,"column":11},"end":{"line":202,"column":33}},{"start":{"line":202,"column":38},"end":{"line":202,"column":51}},{"start":{"line":202,"column":55},"end":{"line":202,"column":67}}]},"30":{"line":209,"type":"if","locations":[{"start":{"line":209,"column":1},"end":{"line":209,"column":1}},{"start":{"line":209,"column":1},"end":{"line":209,"column":1}}]},"31":{"line":209,"type":"binary-expr","locations":[{"start":{"line":209,"column":4},"end":{"line":209,"column":25}},{"start":{"line":209,"column":29},"end":{"line":209,"column":63}}]},"32":{"line":223,"type":"if","locations":[{"start":{"line":223,"column":1},"end":{"line":223,"column":1}},{"start":{"line":223,"column":1},"end":{"line":223,"column":1}}]},"33":{"line":224,"type":"if","locations":[{"start":{"line":224,"column":2},"end":{"line":224,"column":2}},{"start":{"line":224,"column":2},"end":{"line":224,"column":2}}]},"34":{"line":232,"type":"if","locations":[{"start":{"line":232,"column":1},"end":{"line":232,"column":1}},{"start":{"line":232,"column":1},"end":{"line":232,"column":1}}]},"35":{"line":243,"type":"if","locations":[{"start":{"line":243,"column":1},"end":{"line":243,"column":1}},{"start":{"line":243,"column":1},"end":{"line":243,"column":1}}]},"36":{"line":244,"type":"if","locations":[{"start":{"line":244,"column":1},"end":{"line":244,"column":1}},{"start":{"line":244,"column":1},"end":{"line":244,"column":1}}]},"37":{"line":245,"type":"binary-expr","locations":[{"start":{"line":245,"column":2},"end":{"line":245,"column":15}},{"start":{"line":246,"column":2},"end":{"line":246,"column":72}}]},"38":{"line":256,"type":"cond-expr","locations":[{"start":{"line":256,"column":22},"end":{"line":256,"column":27}},{"start":{"line":256,"column":30},"end":{"line":256,"column":50}}]},"39":{"line":258,"type":"if","locations":[{"start":{"line":258,"column":1},"end":{"line":258,"column":1}},{"start":{"line":258,"column":1},"end":{"line":258,"column":1}}]},"40":{"line":266,"type":"if","locations":[{"start":{"line":266,"column":1},"end":{"line":266,"column":1}},{"start":{"line":266,"column":1},"end":{"line":266,"column":1}}]},"41":{"line":273,"type":"if","locations":[{"start":{"line":273,"column":1},"end":{"line":273,"column":1}},{"start":{"line":273,"column":1},"end":{"line":273,"column":1}}]},"42":{"line":282,"type":"if","locations":[{"start":{"line":282,"column":1},"end":{"line":282,"column":1}},{"start":{"line":282,"column":1},"end":{"line":282,"column":1}}]},"43":{"line":283,"type":"if","locations":[{"start":{"line":283,"column":1},"end":{"line":283,"column":1}},{"start":{"line":283,"column":1},"end":{"line":283,"column":1}}]},"44":{"line":289,"type":"if","locations":[{"start":{"line":289,"column":1},"end":{"line":289,"column":1}},{"start":{"line":289,"column":1},"end":{"line":289,"column":1}}]},"45":{"line":289,"type":"binary-expr","locations":[{"start":{"line":289,"column":4},"end":{"line":289,"column":25}},{"start":{"line":289,"column":29},"end":{"line":289,"column":57}}]},"46":{"line":290,"type":"if","locations":[{"start":{"line":290,"column":2},"end":{"line":290,"column":2}},{"start":{"line":290,"column":2},"end":{"line":290,"column":2}}]},"47":{"line":291,"type":"if","locations":[{"start":{"line":291,"column":2},"end":{"line":291,"column":2}},{"start":{"line":291,"column":2},"end":{"line":291,"column":2}}]},"48":{"line":292,"type":"if","locations":[{"start":{"line":292,"column":2},"end":{"line":292,"column":2}},{"start":{"line":292,"column":2},"end":{"line":292,"column":2}}]},"49":{"line":299,"type":"if","locations":[{"start":{"line":299,"column":1},"end":{"line":299,"column":1}},{"start":{"line":299,"column":1},"end":{"line":299,"column":1}}]},"50":{"line":303,"type":"if","locations":[{"start":{"line":303,"column":1},"end":{"line":303,"column":1}},{"start":{"line":303,"column":1},"end":{"line":303,"column":1}}]},"51":{"line":310,"type":"if","locations":[{"start":{"line":310,"column":1},"end":{"line":310,"column":1}},{"start":{"line":310,"column":1},"end":{"line":310,"column":1}}]},"52":{"line":316,"type":"if","locations":[{"start":{"line":316,"column":1},"end":{"line":316,"column":1}},{"start":{"line":316,"column":1},"end":{"line":316,"column":1}}]},"53":{"line":324,"type":"if","locations":[{"start":{"line":324,"column":1},"end":{"line":324,"column":1}},{"start":{"line":324,"column":1},"end":{"line":324,"column":1}}]}},"code":["var Tokenizer = require(\"./Tokenizer.js\");","","/*","\tOptions:","","\txmlMode: D
[...]
ry.pubDate = new Date(tmp);","\t\t\t\treturn entry;","\t\t\t});","\t\t}","\t}","\tthis.dom = feed;","\tDomHandler.prototype._handleCallback.call(","\t\tthis, feedRoot ? null : Error(\"couldn't find root of feed\")","\t);","};","","module.exports = FeedHandler;",""],"l":{"1":1,"6":1,"7":0,"10":1,"12":1,"14":1,"15":0,"17":1,"18":0,"20":1,"21":0,"26":1,"27":0,"28":0,"31":1,"32":0,"35":1,"36":0,"40":0,"41":0,"42":0,"44":0,"45":0,"46":0,"47":0,"48":0,"49":0,"50":0,"52":0,"53":0,"55":0,"57":0,"58":0,"59":0,"60":0,"61":0,"62":0,"65":0,"67":0,"68":0,"69":0,"70":0,"71":0,"72":0,"73":0,"75":0,"76":0,"78":0,"80":0,"81":0,"82":0,"83":0,"84":0,"85":0,"89":0,"90":0,"95":1}},"/home/travis/build/npmtest/node-npmtest-htmlparser2/node_modules/htmlparser2/lib/Stream.js":{"path":"/home/travis/build/npmtest/node-npmtest-htmlparser2/node_modules/htmlparser2/lib/Stream.js","s":{"1":1,"2":1,"3":1,"4":0,"5":1,"6":1,"7":1,"8":0,"9":1,"10":1,"11":12,"12":4,"13":0,"14":8,"15":5,"16":0,"17":3,"18":3,"19":0,"20":0},"b":{"1":[4,8],"2":[5,3],"3":[3,0]},"f":{"1":0,"2":0,"3":12,"4":0,"5":0,"6":0},"fnMap":{"1":{"name":"Stream","line":5,"loc":{"start":{"line":5,"column":0},"end":{"line":5,"column":24}}},"2":{"name":"Cbs","line":13,"loc":{"start":{"line":13,"column":0},"end":{"line":13,"column":19}}},"3":{"name":"(anonymous_3)","line":19,"loc":{"start":{"line":19,"column":28},"end":{"line":19,"column":42}}},"4":{"name":"(anonymous_4)","line":21,"loc":{"start":{"line":21,"column":31},"end":{"line":21,"column":41}}},"5":{"name":"(anonymous_5)","line":25,"loc":{"start":{"line":25,"column":31},"end":{"line":25,"column":42}}},"6":{"name":"(anonymous_6)","line":29,"loc":{"start":{"line":29,"column":31},"end":{"line":29,"column":45}}}},"statementMap":{"1":{"start":{"line":1,"column":0},"end":{"line":1,"column":24}},"2":{"start":{"line":3,"column":0},"end":{"line":3,"column":44}},"3":{"start":{"line":5,"column":0},"end":{"line":7,"column":1}},"4":{"start":{"line":6,"column":1},"end":{"line":6,"column":43}},"5":{"start":{"line":9,"column":0},"end":{"line":9,"column":36}},"6":{"start":{"line":11,"column":0},"end":{"line":11,"column":33}},"7":{"start":{"line":13,"column":0},"end":{"line":15,"column":1}},"8":{"start":{"line":14,"column":1},"end":{"line":14,"column":20}},"9":{"start":{"line":17,"column":0},"end":{"line":17,"column":35}},"10":{"start":{"line":19,"column":0},"end":{"line":35,"column":3}},"11":{"start":{"line":20,"column":1},"end":{"line":34,"column":2}},"12":{"start":{"line":21,"column":2},"end":{"line":23,"column":4}},"13":{"start":{"line":22,"column":3},"end":{"line":22,"column":25}},"14":{"start":{"line":24,"column":8},"end":{"line":34,"column":2}},"15":{"start":{"line":25,"column":2},"end":{"line":27,"column":4}},"16":{"start":{"line":26,"column":3},"end":{"line":26,"column":28}},"17":{"start":{"line":28,"column":8},"end":{"line":34,"column":2}},"18":{"start":{"line":29,"column":2},"end":{"line":31,"column":4}},"19":{"start":{"line":30,"column":3},"end":{"line":30,"column":31}},"20":{"start":{"line":33,"column":2},"end":{"line":33,"column":44}}},"branchMap":{"1":{"line":20,"type":"if","locations":[{"start":{"line":20,"column":1},"end":{"line":20,"column":1}},{"start":{"line":20,"column":1},"end":{"line":20,"column":1}}]},"2":{"line":24,"type":"if","locations":[{"start":{"line":24,"column":8},"end":{"line":24,"column":8}},{"start":{"line":24,"column":8},"end":{"line":24,"column":8}}]},"3":{"line":28,"type":"if","locations":[{"start":{"line":28,"column":8},"end":{"line":28,"column":8}},{"start":{"line":28,"column":8},"end":{"line":28,"column":8}}]}},"code":["module.exports = Stream;","","var Parser = require(\"./WritableStream.js\");","","function Stream(options){","\tParser.call(this, new Cbs(this), options);","}","","require(\"inherits\")(Stream, Parser);","","Stream.prototype.readable = true;","","function Cbs(scope){","\tthis.scope = scope;","}","","var EVENTS = require(\"../\").EVENTS;","","Object.keys(EVENTS).forEach(function(name){","\tif(EVENTS[name] === 0){","\t\tCbs.prototype[\"on\" + name] = function(){","\t\t\tthis.scope.emit(name);","\t\t};","\t} else if(EVENTS[name] === 1){","\t\tCbs.prototype[\"on\" + name] = function(a){","\t\t\tthis.scope.emit(name, a);","\t\t};","\t} else if(EVENTS[name] === 2){","\t\tCbs.prototype[\"on\" + name] = function(a, b){","\t\t\tthis.scope.emit(name, a, b);","\t\t};","\t} else {","\t\tthrow Error(\"wrong number of arguments!\");","\t}","});"],"l":{"1":1,"3":1,"5":1,"6":0,"9":1,"11":1,"13":1,"14":0,"17":1,"19":1,"20":12,"21":4,"22":0,"24":8,"25":5,"26":0,"28":3,"29":3,"30":0,"33":0}},"/home/travis/build/npmtest/node-npmtest-htmlparser2/node_modules/htmlparser2/lib/WritableStream.js":{"path":"/home/travis/build/npmtest/node-npmtest-htmlparser2/node_modules/htmlparser2/lib/WritableStream.js","s":{"1":1,"2":1,"3":1,"4":0,"5":0,"6":0,"7":0,"8":0,"9":1,"10":1,"11":0,"12":0,"13":0,"14":0},"b":{"1":[1,0],"2":[0,0]},"f":{"1":0,"2":0,"3":0},"fnMap":{"1":{"name":"Stream","line":8,"loc":{"start":{"line":8,"column":0},"end":{"line":8,"column":29}}},"2":{"name":"(anonymous_2)","line":14,"loc":{"start":{"line":14,"column":21},"end":{"line":14,"column":31}}},"3":{"name":"(anonymous_3)","line":21,"loc":{"start":{"line":21,"column":34},"end":{"line":21,"column":63}}}},"statementMap":{"1":{"start":{"line":1,"column":0},"end":{"line":1,"column":24}},"2":{"start":{"line":3,"column":0},"end":{"line":6,"column":38}},"3":{"start":{"line":8,"column":0},"end":{"line":17,"column":1}},"4":{"start":{"line":9,"column":1},"end":{"line":9,"column":54}},"5":{"start":{"line":10,"column":1},"end":{"line":10,"column":51}},"6":{"start":{"line":12,"column":1},"end":{"line":12,"column":51}},"7":{"start":{"line":14,"column":1},"end":{"line":16,"column":4}},"8":{"start":{"line":15,"column":2},"end":{"line":15,"column":28}},"9":{"start":{"line":19,"column":0},"end":{"line":19,"column":44}},"10":{"start":{"line":21,"column":0},"end":{"line":25,"column":2}},"11":{"start":{"line":22,"column":1},"end":{"line":22,"column":64}},"12":{"start":{"line":22,"column":29},"end":{"line":22,"column":64}},"13":{"start":{"line":23,"column":1},"end":{"line":23,"column":27}},"14":{"start":{"line":24,"column":1},"end":{"line":24,"column":6}}},"branchMap":{"1":{"line":4,"type":"binary-expr","locations":[{"start":{"line":4,"column":21},"end":{"line":4,"column":47}},{"start":{"line":4,"column":51},"end":{"line":4,"column":86}}]},"2":{"line":22,"type":"if","locations":[{"start":{"line":22,"column":1},"end":{"line":22,"column":1}},{"start":{"line":22,"column":1},"end":{"line":22,"column":1}}]}},"code":["module.exports = Stream;","","var Parser = require(\"./Parser.js\"),","    WritableStream = require(\"stream\").Writable || require(\"readable-stream\").Writable,","    StringDecoder = require(\"string_decoder\").StringDecoder,","    Buffer = require(\"buffer\").Buffer;","","function Stream(cbs, options){","\tvar parser = this._parser = new Parser(cbs, options);","\tvar decoder = this._decoder = new StringDecoder();","","\tWritableStream.call(this, {decodeStrings: false});","","\tthis.once(\"finish\", function(){","\t\tparser.end(decoder.end());","\t});","}","","require(\"inherits\")(Stream, WritableStream);","","WritableStream.prototype._write = function(chunk, encoding, cb){","\tif(chunk instanceof Buffer) chunk = this._decoder.write(chunk);","\tthis._parser.write(chunk);","\tcb();","};"],"l":{"1":1,"3":1,"8":1,"9":0,"10":0,"12":0,"14":0,"15":0,"19":1,"21":1,"22":0,"23":0,"24":0}},"/home/travis/build/npmtest/node-npmtest-htmlparser2/node_modules/htmlparser2/lib/ProxyHandler.js":{"path":"/home/travis/build/npmtest/node-npmtest-htmlparser2/node_modules/htmlparser2/lib/ProxyHandler.js","s":{"1":1,"2":1,"3":0,"4":1,"5":1,"6":12,"7":4,"8":4,"9":0,"10":0,"11":8,"12":5,"13":5,"14":0,"15":0,"16":3,"17":3,"18":3,"19":0,"20":0,"21":0},"b":{"1":[0,0],"2":[4,8],"3":[0,0],"4":[5,3],"5":[0,0],"6":[3,0],"7":[0,0]},"f":{"1":0,"2":12,"3":0,"4":0,"5":0},"fnMap":{"1":{"name":"ProxyHandler","line":3,"loc":{"start":{"line":3,"column":0},"end":{"line":3,"column":26}}},"2":{"name":"(anonymous_2)","line":8,"loc":{"start":{"line":8,"column":28},"end":{"line":8,"column":42}}},"3":{"name":"(anonymous_3)","line":11,"loc":{"start":{"line":11,"column":33},"end":{"line":11,"column":43}}},"4":{"name":"(anonymous_4)","line":16,"loc":{"start":{"line":16,"column":33},"end":{"line":16,"column":44}}},"5":{"name":"(anonymous_5)","line":21,"loc":{"start":{"line":21,"column":33},"end":{"line":21,"column":47}}}},"statementMap":{"1":{"start":{"line":1,"column":0},"end":{"line":1,"column":30}},"2":{"start":{"line":3,"column":0},"end":{"line":5,"column":1}},"3":{"start":{"line":4,"column":1},"end":{"line":4,"column":23}},"4":{"start":{"line":7,"column":0},"end":{"line":7,"column":34}},"5":{"start":{"line":8,"column":0},"end":{"line":27,"column":3}},"6":{"start":{"line":9,"column":1},"end":{"line":26,"column":2}},"7":{"start":{"line":10,"column":2},"end":{"line":10,"column":21}},"8":{"start":{"line":11,"column":2},"end":{"line":13,"column":4}},"9":{"start":{"line":12,"column":3},"end":{"line":12,"column":41}},"10":{"start":{"line":12,"column":23},"end":{"line":12,"column":41}},"11":{"start":{"line":14,"column":8},"end":{"line":26,"column":2}},"12":{"start":{"line":15,"column":2},"end":{"line":15,"column":21}},"13":{"start":{"line":16,"column":2},"end":{"line":18,"column":4}},"14":{"start":{"line":17,"column":3},"end":{"line":17,"column":42}},"15":{"start":{"line":17,"column":23},"end":{"line":17,"column":42}},"16":{"start":{"line":19,"column":8},"end":{"line":26,"column":2}},"17":{"start":{"line":20,"column":2},"end":{"line":20,"column":21}},"18":{"start":{"line":21,"column":2},"end":{"line":23,"column":4}},"19":{"start":{"line":22,"column":3},"end":{"line":22,"column":45}},"20":{"start":{"line":22,"column":23},"end":{"line":22,"column":45}},"21":{"start":{"line":25,"column":2},"end":{"line":25,"column":43}}},"branchMap":{"1":{"line":4,"type":"binary-expr","locations":[{"start":{"line":4,"column":13},"end":{"line":4,"column":16}},{"start":{"line":4,"column":20},"end":{"line":4,"column":22}}]},"2":{"line":9,"type":"if","locations":[{"start":{"line":9,"column":1},"end":{"line":9,"column":1}},{"start":{"line":9,"column":1},"end":{"line":9,"column":1}}]},"3":{"line":12,"type":"if","locations":[{"start":{"line":12,"column":3},"end":{"line":12,"column":3}},{"start":{"line":12,"column":3},"end":{"line":12,"column":3}}]},"4":{"line":14,"type":"if","locations":[{"start":{"line":14,"column":8},"end":{"line":14,"column":8}},{"start":{"line":14,"column":8},"end":{"line":14,"column":8}}]},"5":{"line":17,"type":"if","locations":[{"start":{"line":17,"column":3},"end":{"line":17,"column":3}},{"start":{"line":17,"column":3},"end":{"line":17,"column":3}}]},"6":{"line":19,"type":"if","locations":[{"start":{"line":19,"column":8},"end":{"line":19,"column":8}},{"start":{"line":19,"column":8},"end":{"line":19,"column":8}}]},"7":{"line":22,"type":"if","locations":[{"start":{"line":22,"column":3},"end":{"line":22,"column":3}},{"start":{"line":22,"column":3},"end":{"line":22,"column":3}}]}},"code":["module.exports = ProxyHandler;","","function ProxyHandler(cbs){","\tthis._cbs = cbs || {};","}","","var EVENTS = require(\"./\").EVENTS;","Object.keys(EVENTS).forEach(function(name){","\tif(EVENTS[name] === 0){","\t\tname = \"on\" + name;","\t\tProxyHandler.prototype[name] = function(){","\t\t\tif(this._cbs[name]) this._cbs[name]();","\t\t};","\t} else if(EVENTS[name] === 1){","\t\tname = \"on\" + name;","\t\tProxyHandler.prototype[name] = function(a){","\t\t\tif(this._cbs[name]) this._cbs[name](a);","\t\t};","\t} else if(EVENTS[name] === 2){","\t\tname = \"on\" + name;","\t\tProxyHandler.prototype[name] = function(a, b){","\t\t\tif(this._cbs[name]) this._cbs[name](a, b);","\t\t};","\t} else {","\t\tthrow Error(\"wrong number of arguments\");","\t}","});"],"l":{"1":1,"3":1,"4":0,"7":1,"8":1,"9":12,"10":4,"11":4,"12":0,"14":8,"15":5,"16":5,"17":0,"19":3,"20":3,"21":3,"22":0,"25":0}},"/home/travis/build/npmtest/node-npmtest-htmlparser2/node_modules/htmlparser2/lib/CollectingHandler.js":{"path":"/home/travis/build/npmtest/node-npmtest-htmlparser2/node_modules/htmlparser2/lib/CollectingHandler.js","s":{"1":1,"2":1,"3":0,"4":0,"5":1,"6":1,"7":12,"8":4,"9":4,"10":0,"11":0,"12":0,"13":8,"14":5,"15":5,"16":0,"17":0,"18":0,"19":3,"20":3,"21":3,"22":0,"23":0,"24":0,"25":0,"26":1,"27":0,"28":0,"29":0,"30":1,"31":0,"32":0,"33":0,"34":0,"35":0,"36":0,"37":0,"38":0,"39":0,"40":0},"b":{"1":[0,0],"2":[4,8],"3":[0,0],"4":[5,3],"5":[0,0],"6":[3,0],"7":[0,0],"8":[0,0],"9":[0,0],"10":[0,0],"11":[0,0],"12":[0,0]},"f":{"1":0,"2":12,"3":0,"4":0,"5":0,"6":0,"7":0},"fnMap":{"1":{"name":"CollectingHandler","line":3,"loc":{"start":{"line":3,"column":0},"end":{"line":3,"column":31}}},"2":{"name":"(anonymous_2)","line":9,"loc":{"start":{"line":9,"column":28},"end":{"line":9,"column":42}}},"3":{"name":"(anonymous_3)","line":12,"loc":{"start":{"line":12,"column":38},"end":{"line":12,"column":48}}},"4":{"name":"(anonymous_4)","line":18,"loc":{"start":{"line":18,"column":38},"end":{"line":18,"column":49}}},"5":{"name":"(anonymous_5)","line":24,"loc":{"start":{"line":24,"column":38},"end":{"line":24,"column":52}}},"6":{"name":"(anonymous_6)","line":33,"loc":{"start":{"line":33,"column":38},"end":{"line":33,"column":48}}},"7":{"name":"(anonymous_7)","line":38,"loc":{"start":{"line":38,"column":38},"end":{"line":38,"column":48}}}},"statementMap":{"1":{"start":{"line":1,"column":0},"end":{"line":1,"column":35}},"2":{"start":{"line":3,"column":0},"end":{"line":6,"column":1}},"3":{"start":{"line":4,"column":1},"end":{"line":4,"column":23}},"4":{"start":{"line":5,"column":1},"end":{"line":5,"column":18}},"5":{"start":{"line":8,"column":0},"end":{"line":8,"column":34}},"6":{"start":{"line":9,"column":0},"end":{"line":31,"column":3}},"7":{"start":{"line":10,"column":1},"end":{"line":30,"column":2}},"8":{"start":{"line":11,"column":2},"end":{"line":11,"column":21}},"9":{"start":{"line":12,"column":2},"end":{"line":15,"column":4}},"10":{"start":{"line":13,"column":3},"end":{"line":13,"column":28}},"11":{"start":{"line":14,"column":3},"end":{"line":14,"column":41}},"12":{"start":{"line":14,"column":23},"end":{"line":14,"column":41}},"13":{"start":{"line":16,"column":8},"end":{"line":30,"column":2}},"14":{"start":{"line":17,"column":2},"end":{"line":17,"column":21}},"15":{"start":{"line":18,"column":2},"end":{"line":21,"column":4}},"16":{"start":{"line":19,"column":3},"end":{"line":19,"column":31}},"17":{"start":{"line":20,"column":3},"end":{"line":20,"column":42}},"18":{"start":{"line":20,"column":23},"end":{"line":20,"column":42}},"19":{"start":{"line":22,"column":8},"end":{"line":30,"column":2}},"20":{"start":{"line":23,"column":2},"end":{"line":23,"column":21}},"21":{"start":{"line":24,"column":2},"end":{"line":27,"column":4}},"22":{"start":{"line":25,"column":3},"end":{"line":25,"column":34}},"23":{"start":{"line":26,"column":3},"end":{"line":26,"column":45}},"24":{"start":{"line":26,"column":23},"end":{"line":26,"column":45}},"25":{"start":{"line":29,"column":2},"end":{"line":29,"column":43}},"26":{"start":{"line":33,"column":0},"end":{"line":36,"column":2}},"27":{"start":{"line":34,"column":1},"end":{"line":34,"column":18}},"28":{"start":{"line":35,"column":1},"end":{"line":35,"column":43}},"29":{"start":{"line":35,"column":23},"end":{"line":35,"column":43}},"30":{"start":{"line":38,"column":0},"end":{"line":55,"column":2}},"31":{"start":{"line":39,"column":1},"end":{"line":39,"column":43}},"32":{"start":{"line":39,"column":23},"end":{"line":39,"column":43}},"33":{"start":{"line":41,"column":1},"end":{"line":54,"column":2}},"34":{"start":{"line":42,"column":2},"end":{"line":53,"column":3}},"35":{"start":{"line":44,"column":3},"end":{"line":44,"column":35}},"36":{"start":{"line":46,"column":3},"end":{"line":52,"column":4}},"37":{"start":{"line":47,"column":4},"end":{"line":47,"column":35}},"38":{"start":{"line":48,"column":10},"end":{"line":52,"column":4}},"39":{"start":{"line":49,"column":4},"end":{"line":49,"column":52}},"40":{"start":{"line":51,"column":4},"end":{"line":51,"column":71}}},"branchMap":{"1":{"line":4,"type":"binary-expr","locations":[{"start":{"line":4,"column":13},"end":{"line":4,"column":16}},{"start":{"line":4,"column":20},"end":{"line":4,"column":22}}]},"2":{"line":10,"type":"if","locations":[{"start":{"line":10,"column":1},"end":{"line":10,"column":1}},{"start":{"line":10,"column":1},"end":{"line":10,"column":1}}]},"3":{"line":14,"type":"if","locations":[{"start":{"line":14,"column":3},"end":{"line":14,"column":3}},{"start":{"line":14,"column":3},"end":{"line":14,"column":3}}]},"4":{"line":16,"type":"if","locations":[{"start":{"line":16,"column":8},"end":{"line":16,"column":8}},{"start":{"line":16,"column":8},"end":{"line":16,"column":8}}]},"5":{"line":20,"type":"if","locations":[{"start":{"line":20,"column":3},"end":{"line":20,"column":3}},{"start":{"line":20,"column":3},"end":{"line":20,"column":3}}]},"6":{"line":22,"type":"if","locations":[{"start":{"line":22,"column":8},"end":{"line":22,"column":8}},{"start":{"line":22,"column":8},"end":{"line":22,"column":8}}]},"7":{"line":26,"type":"if","locations":[{"start":{"line":26,"column":3},"end":{"line":26,"column":3}},{"start":{"line":26,"column":3},"end":{"line":26,"column":3}}]},"8":{"line":35,"type":"if","locations":[{"start":{"line":35,"column":1},"end":{"line":35,"column":1}},{"start":{"line":35,"column":1},"end":{"line":35,"column":1}}]},"9":{"line":39,"type":"if","locations":[{"start":{"line":39,"column":1},"end":{"line":39,"column":1}},{"start":{"line":39,"column":1},"end":{"line":39,"column":1}}]},"10":{"line":42,"type":"if","locations":[{"start":{"line":42,"column":2},"end":{"line":42,"column":2}},{"start":{"line":42,"column":2},"end":{"line":42,"column":2}}]},"11":{"line":46,"type":"if","locations":[{"start":{"line":46,"column":3},"end":{"line":46,"column":3}},{"start":{"line":46,"column":3},"end":{"line":46,"column":3}}]},"12":{"line":48,"type":"if","locations":[{"start":{"line":48,"column":10},"end":{"line":48,"column":10}},{"start":{"line":48,"column":10},"end":{"line":48,"column":10}}]}},"code":["module.exports = CollectingHandler;","","function CollectingHandler(cbs){","\tthis._cbs = cbs || {};","\tthis.events = [];","}","","var EVENTS = require(\"./\").EVENTS;","Object.keys(EVENTS).forEach(function(name){","\tif(EVENTS[name] === 0){","\t\tname = \"on\" + name;","\t\tCollectingHandler.prototype[name] = function(){","\t\t\tthis.events.push([name]);","\t\t\tif(this._cbs[name]) this._cbs[name]();","\t\t};","\t} else if(EVENTS[name] === 1){","\t\tname = \"on\" + name;","\t\tCollectingHandler.prototype[name] = function(a){","\t\t\tthis.events.push([name, a]);","\t\t\tif(this._cbs[name]) this._cbs[name](a);","\t\t};","\t} else if(EVENTS[name] === 2){","\t\tname = \"on\" + name;","\t\tCollectingHandler.prototype[name] = function(a, b){","\t\t\tthis.events.push([name, a, b]);","\t\t\tif(this._cbs[name]) this._cbs[name](a, b);","\t\t};","\t} else {","\t\tthrow Error(\"wrong number of arguments\");","\t}","});","","CollectingHandler.prototype.onreset = function(){","\tthis.events = [];","\tif(this._cbs.onreset) this._cbs.onreset();","};","","CollectingHandler.prototype.restart = function(){","\tif(this._cbs.onreset) this._cbs.onreset();","","\tfor(var i = 0, len = this.events.length; i < len; i++){","\t\tif(this._cbs[this.events[i][0]]){","","\t\t\tvar num = this.events[i].length;","","\t\t\tif(num === 1){","\t\t\t\tthis._cbs[this.events[i][0]]();","\t\t\t} else if(num === 2){","\t\t\t\tthis._cbs[this.events[i][0]](this.events[i][1]);","\t\t\t} else {","\t\t\t\tthis._cbs[this.events[i][0]](this.events[i][1], this.events[i][2]);","\t\t\t}","\t\t}","\t}","};",""],"l":{"1":1,"3":1,"4":0,"5":0,"8":1,"9":1,"10":12,"11":4,"12":4,"13":0,"14":0,"16":8,"17":5,"18":5,"19":0,"20":0,"22":3,"23":3,"24":3,"25":0,"26":0,"29":0,"33":1,"34":0,"35":0,"38":1,"39":0,"41":0,"42":0,"44":0,"46":0,"47":0,"48":0,"49":0,"51":0}}}